<testng-results>
  <reporter-output>
  </reporter-output>
  <suite name="YB" duration-ms="13506" started-at="2015-06-01T10:59:25Z" finished-at="2015-06-01T10:59:39Z">
    <groups>
    </groups>
    <test name="open" duration-ms="2105" started-at="2015-06-01T10:59:25Z" finished-at="2015-06-01T10:59:27Z">
      <class name="com.soulinfo.cases.BrowserCase">
        <test-method status="PASS" signature="openBrowser()" name="openBrowser" duration-ms="2093" started-at="2015-06-01T10:59:25Z" finished-at="2015-06-01T10:59:27Z">
        </test-method>
      </class>
    </test>
    <test name="logout" duration-ms="536" started-at="2015-06-01T10:59:37Z" finished-at="2015-06-01T10:59:38Z">
      <class name="com.soulinfo.cases.LoginCase">
        <test-method status="PASS" signature="testLogout()" name="testLogout" duration-ms="519" started-at="2015-06-01T10:59:37Z" finished-at="2015-06-01T10:59:38Z">
        </test-method>
      </class>
    </test>
    <test name="login" duration-ms="4034" started-at="2015-06-01T10:59:27Z" finished-at="2015-06-01T10:59:31Z">
      <class name="com.soulinfo.cases.LoginCase">
        <test-method status="PASS" signature="testStuLogin(java.lang.String, java.lang.String, java.lang.String)" name="testStuLogin" duration-ms="3795" started-at="2015-06-01T10:59:28Z" finished-at="2015-06-01T10:59:31Z">
          <params>
            <param index="0">
              <value>
                <![CDATA[ybtest19]]>
              </value>
            </param>
            <param index="1">
              <value>
                <![CDATA[soul123]]>
              </value>
            </param>
            <param index="2">
              <value>
                <![CDATA[1235]]>
              </value>
            </param>
          </params>
        </test-method>
      </class>
    </test>
    <test name="addBook" duration-ms="5995" started-at="2015-06-01T10:59:31Z" finished-at="2015-06-01T10:59:37Z">
      <class name="com.soulinfo.cases.AddBookCase">
        <test-method status="PASS" signature="testAddBook(java.lang.String)" name="testAddBook" duration-ms="5761" started-at="2015-06-01T10:59:32Z" finished-at="2015-06-01T10:59:37Z">
          <params>
            <param index="0">
              <value>
                <![CDATA[1990e741bd9b]]>
              </value>
            </param>
          </params>
        </test-method>
      </class>
    </test>
    <test name="close" duration-ms="653" started-at="2015-06-01T10:59:38Z" finished-at="2015-06-01T10:59:39Z">
      <class name="com.soulinfo.cases.BrowserCase">
        <test-method status="PASS" signature="closeBrowser()" name="closeBrowser" duration-ms="651" started-at="2015-06-01T10:59:38Z" finished-at="2015-06-01T10:59:39Z">
        </test-method>
      </class>
    </test>
  </suite>
</testng-results>
