<?xml version="1.0" encoding="UTF-8"?>
<testsuite name="TestSuite" time="68.706" tests="7" errors="0" skipped="0" failures="1">
  <properties>
[...]
</properties>
  <testcase name="openBrowser" classname="com.soulinfo.cases.BrowserCase" time="2.343"/>
  <testcase name="testClaLogin" classname="com.soulinfo.cases.LoginCase" time="6.406"/>
  <testcase name="test1CreateBooks" classname="com.soulinfo.cases.CreateBooksCase" time="18.455"/>
  <testcase name="test2Code" classname="com.soulinfo.cases.CreateBooksCase" time="4.349"/>
  <testcase name="testCreateVote" classname="com.soulinfo.cases.CreateVoteCase" time="35.521">
    <failure message="Element is not currently visible and so may not be interacted with&#10;Command duration or timeout: 20.11 seconds&#10;Build info: version: &apos;2.44.0&apos;, revision: &apos;76d78cf323ce037c5f92db6c1bba601c2ac43ad8&apos;, time: &apos;2014-10-23 13:11:40&apos;&#10;System info: host: &apos;SoulTest-PC&apos;, ip: &apos;192.168.2.214&apos;, os.name: &apos;Windows 7&apos;, os.arch: &apos;amd64&apos;, os.version: &apos;6.1&apos;, java.version: &apos;1.7.0_75&apos;&#10;Session ID: 9ff46c75-f860-4b6c-96bf-d1f3a31859fe&#10;Driver info: org.openqa.selenium.firefox.FirefoxDriver&#10;Capabilities [{platform=WINDOWS, acceptSslCerts=true, javascriptEnabled=true, cssSelectorsEnabled=true, databaseEnabled=true, browserName=firefox, handlesAlerts=true, browserConnectionEnabled=true, nativeEvents=false, webStorageEnabled=true, rotatable=false, locationContextEnabled=true, applicationCacheEnabled=true, takesScreenshot=true, version=26.0}]" type="org.openqa.selenium.ElementNotVisibleException"><![CDATA[org.openqa.selenium.ElementNotVisibleException: Element is not currently visible and so may not be interacted with
Command duration or timeout: 20.11 seconds
Build info: version: '2.44.0', revision: '76d78cf323ce037c5f92db6c1bba601c2ac43ad8', time: '2014-10-23 13:11:40'
System info: host: 'SoulTest-PC', ip: '192.168.2.214', os.name: 'Windows 7', os.arch: 'amd64', os.version: '6.1', java.version: '1.7.0_75'
Session ID: 9ff46c75-f860-4b6c-96bf-d1f3a31859fe
Driver info: org.openqa.selenium.firefox.FirefoxDriver
Capabilities [{platform=WINDOWS, acceptSslCerts=true, javascriptEnabled=true, cssSelectorsEnabled=true, databaseEnabled=true, browserName=firefox, handlesAlerts=true, browserConnectionEnabled=true, nativeEvents=false, webStorageEnabled=true, rotatable=false, locationContextEnabled=true, applicationCacheEnabled=true, takesScreenshot=true, version=26.0}]
	at sun.reflect.NativeConstructorAccessorImpl.newInstance0(Native Method)
	at sun.reflect.NativeConstructorAccessorImpl.newInstance(NativeConstructorAccessorImpl.java:57)
	at sun.reflect.DelegatingConstructorAccessorImpl.newInstance(DelegatingConstructorAccessorImpl.java:45)
	at java.lang.reflect.Constructor.newInstance(Constructor.java:526)
	at org.openqa.selenium.remote.ErrorHandler.createThrowable(ErrorHandler.java:204)
	at org.openqa.selenium.remote.ErrorHandler.throwIfResponseFailed(ErrorHandler.java:156)
	at org.openqa.selenium.remote.RemoteWebDriver.execute(RemoteWebDriver.java:599)
	at org.openqa.selenium.remote.RemoteWebElement.execute(RemoteWebElement.java:268)
	at org.openqa.selenium.remote.RemoteWebElement.sendKeys(RemoteWebElement.java:89)
	at com.soulinfo.util.BasicElements.findByXpathSendKeys(BasicElements.java:411)
	at com.soulinfo.cases.CreateVoteCase.testCreateVote(CreateVoteCase.java:40)
Caused by: org.openqa.selenium.ElementNotVisibleException: Element is not currently visible and so may not be interacted with
Build info: version: '2.44.0', revision: '76d78cf323ce037c5f92db6c1bba601c2ac43ad8', time: '2014-10-23 13:11:40'
System info: host: 'SoulTest-PC', ip: '192.168.2.214', os.name: 'Windows 7', os.arch: 'amd64', os.version: '6.1', java.version: '1.7.0_75'
Driver info: driver.version: unknown
	at <anonymous class>.fxdriver.preconditions.visible(file:///C:/Users/SoulTest/AppData/Local/Temp/anonymous4496018821105563880webdriver-profile/extensions/fxdriver@googlecode.com/components/command-processor.js:8959)
	at <anonymous class>.DelayedCommand.prototype.checkPreconditions_(file:///C:/Users/SoulTest/AppData/Local/Temp/anonymous4496018821105563880webdriver-profile/extensions/fxdriver@googlecode.com/components/command-processor.js:11618)
	at <anonymous class>.DelayedCommand.prototype.executeInternal_/h(file:///C:/Users/SoulTest/AppData/Local/Temp/anonymous4496018821105563880webdriver-profile/extensions/fxdriver@googlecode.com/components/command-processor.js:11635)
	at <anonymous class>.fxdriver.Timer.prototype.setTimeout/<.notify(file:///C:/Users/SoulTest/AppData/Local/Temp/anonymous4496018821105563880webdriver-profile/extensions/fxdriver@googlecode.com/components/command-processor.js:548)
]]></failure>
    <system-out>14:21:22.336 [main] INFO  org.testng.annotations.Test - ======进入testCreateVote()方法=======
14:21:22.338 [Forwarding findElement on session 9ff46c75-f860-4b6c-96bf-d1f3a31859fe to remote] DEBUG o.a.h.c.protocol.RequestAddCookies - CookieSpec selected: best-match
14:21:22.338 [Forwarding findElement on session 9ff46c75-f860-4b6c-96bf-d1f3a31859fe to remote] DEBUG o.a.h.c.protocol.RequestAuthCache - Auth cache not set in the context
14:21:22.338 [Forwarding findElement on session 9ff46c75-f860-4b6c-96bf-d1f3a31859fe to remote] DEBUG o.a.h.i.c.PoolingHttpClientConnectionManager - Connection request: [route: {}-&gt;http://127.0.0.1:7055][total kept alive: 0; route allocated: 0 of 2000; total allocated: 0 of 2000]
14:21:22.338 [Forwarding findElement on session 9ff46c75-f860-4b6c-96bf-d1f3a31859fe to remote] DEBUG o.a.h.i.c.PoolingHttpClientConnectionManager - Connection leased: [id: 89][route: {}-&gt;http://127.0.0.1:7055][total kept alive: 0; route allocated: 1 of 2000; total allocated: 1 of 2000]
14:21:22.338 [Forwarding findElement on session 9ff46c75-f860-4b6c-96bf-d1f3a31859fe to remote] DEBUG o.a.h.impl.execchain.MainClientExec - Opening connection {}-&gt;http://127.0.0.1:7055
14:21:22.338 [Forwarding findElement on session 9ff46c75-f860-4b6c-96bf-d1f3a31859fe to remote] DEBUG o.a.h.i.c.HttpClientConnectionOperator - Connecting to /127.0.0.1:7055
14:21:22.339 [Forwarding findElement on session 9ff46c75-f860-4b6c-96bf-d1f3a31859fe to remote] DEBUG o.a.h.i.c.HttpClientConnectionOperator - Connection established 127.0.0.1:58996&lt;-&gt;127.0.0.1:7055
14:21:22.339 [Forwarding findElement on session 9ff46c75-f860-4b6c-96bf-d1f3a31859fe to remote] DEBUG o.a.h.impl.execchain.MainClientExec - Executing request POST /hub/session/9ff46c75-f860-4b6c-96bf-d1f3a31859fe/element HTTP/1.1
14:21:22.340 [Forwarding findElement on session 9ff46c75-f860-4b6c-96bf-d1f3a31859fe to remote] DEBUG o.a.h.impl.execchain.MainClientExec - Target auth state: UNCHALLENGED
14:21:22.340 [Forwarding findElement on session 9ff46c75-f860-4b6c-96bf-d1f3a31859fe to remote] DEBUG o.a.h.impl.execchain.MainClientExec - Proxy auth state: UNCHALLENGED
14:21:22.340 [Forwarding findElement on session 9ff46c75-f860-4b6c-96bf-d1f3a31859fe to remote] DEBUG org.apache.http.headers - http-outgoing-89 &gt;&gt; POST /hub/session/9ff46c75-f860-4b6c-96bf-d1f3a31859fe/element HTTP/1.1
14:21:22.340 [Forwarding findElement on session 9ff46c75-f860-4b6c-96bf-d1f3a31859fe to remote] DEBUG org.apache.http.headers - http-outgoing-89 &gt;&gt; Content-Type: application/json; charset=utf-8
14:21:22.340 [Forwarding findElement on session 9ff46c75-f860-4b6c-96bf-d1f3a31859fe to remote] DEBUG org.apache.http.headers - http-outgoing-89 &gt;&gt; Content-Length: 44
14:21:22.340 [Forwarding findElement on session 9ff46c75-f860-4b6c-96bf-d1f3a31859fe to remote] DEBUG org.apache.http.headers - http-outgoing-89 &gt;&gt; Host: 127.0.0.1:7055
14:21:22.340 [Forwarding findElement on session 9ff46c75-f860-4b6c-96bf-d1f3a31859fe to remote] DEBUG org.apache.http.headers - http-outgoing-89 &gt;&gt; Connection: Keep-Alive
14:21:22.340 [Forwarding findElement on session 9ff46c75-f860-4b6c-96bf-d1f3a31859fe to remote] DEBUG org.apache.http.headers - http-outgoing-89 &gt;&gt; User-Agent: Apache-HttpClient/4.3.4 (java 1.5)
14:21:22.340 [Forwarding findElement on session 9ff46c75-f860-4b6c-96bf-d1f3a31859fe to remote] DEBUG org.apache.http.headers - http-outgoing-89 &gt;&gt; Accept-Encoding: gzip,deflate
14:21:22.341 [Forwarding findElement on session 9ff46c75-f860-4b6c-96bf-d1f3a31859fe to remote] DEBUG org.apache.http.wire - http-outgoing-89 &gt;&gt; "POST /hub/session/9ff46c75-f860-4b6c-96bf-d1f3a31859fe/element HTTP/1.1[\r][\n]"
14:21:22.341 [Forwarding findElement on session 9ff46c75-f860-4b6c-96bf-d1f3a31859fe to remote] DEBUG org.apache.http.wire - http-outgoing-89 &gt;&gt; "Content-Type: application/json; charset=utf-8[\r][\n]"
14:21:22.341 [Forwarding findElement on session 9ff46c75-f860-4b6c-96bf-d1f3a31859fe to remote] DEBUG org.apache.http.wire - http-outgoing-89 &gt;&gt; "Content-Length: 44[\r][\n]"
14:21:22.341 [Forwarding findElement on session 9ff46c75-f860-4b6c-96bf-d1f3a31859fe to remote] DEBUG org.apache.http.wire - http-outgoing-89 &gt;&gt; "Host: 127.0.0.1:7055[\r][\n]"
14:21:22.341 [Forwarding findElement on session 9ff46c75-f860-4b6c-96bf-d1f3a31859fe to remote] DEBUG org.apache.http.wire - http-outgoing-89 &gt;&gt; "Connection: Keep-Alive[\r][\n]"
14:21:22.341 [Forwarding findElement on session 9ff46c75-f860-4b6c-96bf-d1f3a31859fe to remote] DEBUG org.apache.http.wire - http-outgoing-89 &gt;&gt; "User-Agent: Apache-HttpClient/4.3.4 (java 1.5)[\r][\n]"
14:21:22.342 [Forwarding findElement on session 9ff46c75-f860-4b6c-96bf-d1f3a31859fe to remote] DEBUG org.apache.http.wire - http-outgoing-89 &gt;&gt; "Accept-Encoding: gzip,deflate[\r][\n]"
14:21:22.342 [Forwarding findElement on session 9ff46c75-f860-4b6c-96bf-d1f3a31859fe to remote] DEBUG org.apache.http.wire - http-outgoing-89 &gt;&gt; "[\r][\n]"
14:21:22.342 [Forwarding findElement on session 9ff46c75-f860-4b6c-96bf-d1f3a31859fe to remote] DEBUG org.apache.http.wire - http-outgoing-89 &gt;&gt; "{"using":"link text","value":"[0xe5][0x88][0xb6][0xe4][0xbd][0x9c][0xe4][0xb9][0xa6][0xe9][0xa1][0xb5]"}"
14:21:22.360 [Forwarding findElement on session 9ff46c75-f860-4b6c-96bf-d1f3a31859fe to remote] DEBUG org.apache.http.wire - http-outgoing-89 &lt;&lt; "HTTP/1.1 200 OK[\r][\n]"
14:21:22.360 [Forwarding findElement on session 9ff46c75-f860-4b6c-96bf-d1f3a31859fe to remote] DEBUG org.apache.http.wire - http-outgoing-89 &lt;&lt; "content-type: application/json; charset=UTF-8[\r][\n]"
14:21:22.360 [Forwarding findElement on session 9ff46c75-f860-4b6c-96bf-d1f3a31859fe to remote] DEBUG org.apache.http.wire - http-outgoing-89 &lt;&lt; "connection: close[\r][\n]"
14:21:22.360 [Forwarding findElement on session 9ff46c75-f860-4b6c-96bf-d1f3a31859fe to remote] DEBUG org.apache.http.wire - http-outgoing-89 &lt;&lt; "content-length: 145[\r][\n]"
14:21:22.360 [Forwarding findElement on session 9ff46c75-f860-4b6c-96bf-d1f3a31859fe to remote] DEBUG org.apache.http.wire - http-outgoing-89 &lt;&lt; "server: httpd.js[\r][\n]"
14:21:22.360 [Forwarding findElement on session 9ff46c75-f860-4b6c-96bf-d1f3a31859fe to remote] DEBUG org.apache.http.wire - http-outgoing-89 &lt;&lt; "date: Thu, 04 Jun 2015 06:21:22 GMT[\r][\n]"
14:21:22.360 [Forwarding findElement on session 9ff46c75-f860-4b6c-96bf-d1f3a31859fe to remote] DEBUG org.apache.http.wire - http-outgoing-89 &lt;&lt; "[\r][\n]"
14:21:22.360 [Forwarding findElement on session 9ff46c75-f860-4b6c-96bf-d1f3a31859fe to remote] DEBUG org.apache.http.headers - http-outgoing-89 &lt;&lt; HTTP/1.1 200 OK
14:21:22.360 [Forwarding findElement on session 9ff46c75-f860-4b6c-96bf-d1f3a31859fe to remote] DEBUG org.apache.http.headers - http-outgoing-89 &lt;&lt; content-type: application/json; charset=UTF-8
14:21:22.361 [Forwarding findElement on session 9ff46c75-f860-4b6c-96bf-d1f3a31859fe to remote] DEBUG org.apache.http.headers - http-outgoing-89 &lt;&lt; connection: close
14:21:22.361 [Forwarding findElement on session 9ff46c75-f860-4b6c-96bf-d1f3a31859fe to remote] DEBUG org.apache.http.headers - http-outgoing-89 &lt;&lt; content-length: 145
14:21:22.361 [Forwarding findElement on session 9ff46c75-f860-4b6c-96bf-d1f3a31859fe to remote] DEBUG org.apache.http.headers - http-outgoing-89 &lt;&lt; server: httpd.js
14:21:22.361 [Forwarding findElement on session 9ff46c75-f860-4b6c-96bf-d1f3a31859fe to remote] DEBUG org.apache.http.headers - http-outgoing-89 &lt;&lt; date: Thu, 04 Jun 2015 06:21:22 GMT
14:21:22.362 [Forwarding findElement on session 9ff46c75-f860-4b6c-96bf-d1f3a31859fe to remote] DEBUG org.apache.http.wire - http-outgoing-89 &lt;&lt; "{"name":"findElement","sessionId":"9ff46c75-f860-4b6c-96bf-d1f3a31859fe","status":0,"value":{"ELEMENT":"{58240bb6-23f0-4dc8-8095-cfc908a1ef6a}"}}"
14:21:22.363 [Forwarding findElement on session 9ff46c75-f860-4b6c-96bf-d1f3a31859fe to remote] DEBUG o.a.h.i.c.DefaultManagedHttpClientConnection - http-outgoing-89: Shutdown connection
14:21:22.363 [Forwarding findElement on session 9ff46c75-f860-4b6c-96bf-d1f3a31859fe to remote] DEBUG o.a.h.impl.execchain.MainClientExec - Connection discarded
14:21:22.363 [Forwarding findElement on session 9ff46c75-f860-4b6c-96bf-d1f3a31859fe to remote] DEBUG o.a.h.i.c.DefaultManagedHttpClientConnection - http-outgoing-89: Close connection
14:21:22.363 [Forwarding findElement on session 9ff46c75-f860-4b6c-96bf-d1f3a31859fe to remote] DEBUG o.a.h.i.c.PoolingHttpClientConnectionManager - Connection released: [id: 89][route: {}-&gt;http://127.0.0.1:7055][total kept alive: 0; route allocated: 0 of 2000; total allocated: 0 of 2000]
14:21:22.364 [Forwarding findElement on session 9ff46c75-f860-4b6c-96bf-d1f3a31859fe to remote] DEBUG o.a.h.c.protocol.RequestAddCookies - CookieSpec selected: best-match
14:21:22.364 [Forwarding findElement on session 9ff46c75-f860-4b6c-96bf-d1f3a31859fe to remote] DEBUG o.a.h.c.protocol.RequestAuthCache - Auth cache not set in the context
14:21:22.364 [Forwarding findElement on session 9ff46c75-f860-4b6c-96bf-d1f3a31859fe to remote] DEBUG o.a.h.i.c.PoolingHttpClientConnectionManager - Connection request: [route: {}-&gt;http://127.0.0.1:7055][total kept alive: 0; route allocated: 0 of 2000; total allocated: 0 of 2000]
14:21:22.364 [Forwarding findElement on session 9ff46c75-f860-4b6c-96bf-d1f3a31859fe to remote] DEBUG o.a.h.i.c.PoolingHttpClientConnectionManager - Connection leased: [id: 90][route: {}-&gt;http://127.0.0.1:7055][total kept alive: 0; route allocated: 1 of 2000; total allocated: 1 of 2000]
14:21:22.364 [Forwarding findElement on session 9ff46c75-f860-4b6c-96bf-d1f3a31859fe to remote] DEBUG o.a.h.impl.execchain.MainClientExec - Opening connection {}-&gt;http://127.0.0.1:7055
14:21:22.366 [Forwarding findElement on session 9ff46c75-f860-4b6c-96bf-d1f3a31859fe to remote] DEBUG o.a.h.i.c.HttpClientConnectionOperator - Connecting to /127.0.0.1:7055
14:21:22.368 [Forwarding findElement on session 9ff46c75-f860-4b6c-96bf-d1f3a31859fe to remote] DEBUG o.a.h.i.c.HttpClientConnectionOperator - Connection established 127.0.0.1:58997&lt;-&gt;127.0.0.1:7055
14:21:22.368 [Forwarding findElement on session 9ff46c75-f860-4b6c-96bf-d1f3a31859fe to remote] DEBUG o.a.h.impl.execchain.MainClientExec - Executing request POST /hub/session/9ff46c75-f860-4b6c-96bf-d1f3a31859fe/element HTTP/1.1
14:21:22.369 [Forwarding findElement on session 9ff46c75-f860-4b6c-96bf-d1f3a31859fe to remote] DEBUG o.a.h.impl.execchain.MainClientExec - Target auth state: UNCHALLENGED
14:21:22.369 [Forwarding findElement on session 9ff46c75-f860-4b6c-96bf-d1f3a31859fe to remote] DEBUG o.a.h.impl.execchain.MainClientExec - Proxy auth state: UNCHALLENGED
14:21:22.369 [Forwarding findElement on session 9ff46c75-f860-4b6c-96bf-d1f3a31859fe to remote] DEBUG org.apache.http.headers - http-outgoing-90 &gt;&gt; POST /hub/session/9ff46c75-f860-4b6c-96bf-d1f3a31859fe/element HTTP/1.1
14:21:22.369 [Forwarding findElement on session 9ff46c75-f860-4b6c-96bf-d1f3a31859fe to remote] DEBUG org.apache.http.headers - http-outgoing-90 &gt;&gt; Content-Type: application/json; charset=utf-8
14:21:22.369 [Forwarding findElement on session 9ff46c75-f860-4b6c-96bf-d1f3a31859fe to remote] DEBUG org.apache.http.headers - http-outgoing-90 &gt;&gt; Content-Length: 44
14:21:22.369 [Forwarding findElement on session 9ff46c75-f860-4b6c-96bf-d1f3a31859fe to remote] DEBUG org.apache.http.headers - http-outgoing-90 &gt;&gt; Host: 127.0.0.1:7055
14:21:22.369 [Forwarding findElement on session 9ff46c75-f860-4b6c-96bf-d1f3a31859fe to remote] DEBUG org.apache.http.headers - http-outgoing-90 &gt;&gt; Connection: Keep-Alive
14:21:22.369 [Forwarding findElement on session 9ff46c75-f860-4b6c-96bf-d1f3a31859fe to remote] DEBUG org.apache.http.headers - http-outgoing-90 &gt;&gt; User-Agent: Apache-HttpClient/4.3.4 (java 1.5)
14:21:22.369 [Forwarding findElement on session 9ff46c75-f860-4b6c-96bf-d1f3a31859fe to remote] DEBUG org.apache.http.headers - http-outgoing-90 &gt;&gt; Accept-Encoding: gzip,deflate
14:21:22.369 [Forwarding findElement on session 9ff46c75-f860-4b6c-96bf-d1f3a31859fe to remote] DEBUG org.apache.http.wire - http-outgoing-90 &gt;&gt; "POST /hub/session/9ff46c75-f860-4b6c-96bf-d1f3a31859fe/element HTTP/1.1[\r][\n]"
14:21:22.369 [Forwarding findElement on session 9ff46c75-f860-4b6c-96bf-d1f3a31859fe to remote] DEBUG org.apache.http.wire - http-outgoing-90 &gt;&gt; "Content-Type: application/json; charset=utf-8[\r][\n]"
14:21:22.370 [Forwarding findElement on session 9ff46c75-f860-4b6c-96bf-d1f3a31859fe to remote] DEBUG org.apache.http.wire - http-outgoing-90 &gt;&gt; "Content-Length: 44[\r][\n]"
14:21:22.370 [Forwarding findElement on session 9ff46c75-f860-4b6c-96bf-d1f3a31859fe to remote] DEBUG org.apache.http.wire - http-outgoing-90 &gt;&gt; "Host: 127.0.0.1:7055[\r][\n]"
14:21:22.370 [Forwarding findElement on session 9ff46c75-f860-4b6c-96bf-d1f3a31859fe to remote] DEBUG org.apache.http.wire - http-outgoing-90 &gt;&gt; "Connection: Keep-Alive[\r][\n]"
14:21:22.370 [Forwarding findElement on session 9ff46c75-f860-4b6c-96bf-d1f3a31859fe to remote] DEBUG org.apache.http.wire - http-outgoing-90 &gt;&gt; "User-Agent: Apache-HttpClient/4.3.4 (java 1.5)[\r][\n]"
14:21:22.370 [Forwarding findElement on session 9ff46c75-f860-4b6c-96bf-d1f3a31859fe to remote] DEBUG org.apache.http.wire - http-outgoing-90 &gt;&gt; "Accept-Encoding: gzip,deflate[\r][\n]"
14:21:22.370 [Forwarding findElement on session 9ff46c75-f860-4b6c-96bf-d1f3a31859fe to remote] DEBUG org.apache.http.wire - http-outgoing-90 &gt;&gt; "[\r][\n]"
14:21:22.370 [Forwarding findElement on session 9ff46c75-f860-4b6c-96bf-d1f3a31859fe to remote] DEBUG org.apache.http.wire - http-outgoing-90 &gt;&gt; "{"using":"link text","value":"[0xe5][0x88][0xb6][0xe4][0xbd][0x9c][0xe4][0xb9][0xa6][0xe9][0xa1][0xb5]"}"
14:21:22.387 [Forwarding findElement on session 9ff46c75-f860-4b6c-96bf-d1f3a31859fe to remote] DEBUG org.apache.http.wire - http-outgoing-90 &lt;&lt; "HTTP/1.1 200 OK[\r][\n]"
14:21:22.387 [Forwarding findElement on session 9ff46c75-f860-4b6c-96bf-d1f3a31859fe to remote] DEBUG org.apache.http.wire - http-outgoing-90 &lt;&lt; "content-type: application/json; charset=UTF-8[\r][\n]"
14:21:22.387 [Forwarding findElement on session 9ff46c75-f860-4b6c-96bf-d1f3a31859fe to remote] DEBUG org.apache.http.wire - http-outgoing-90 &lt;&lt; "connection: close[\r][\n]"
14:21:22.387 [Forwarding findElement on session 9ff46c75-f860-4b6c-96bf-d1f3a31859fe to remote] DEBUG org.apache.http.wire - http-outgoing-90 &lt;&lt; "content-length: 145[\r][\n]"
14:21:22.387 [Forwarding findElement on session 9ff46c75-f860-4b6c-96bf-d1f3a31859fe to remote] DEBUG org.apache.http.wire - http-outgoing-90 &lt;&lt; "server: httpd.js[\r][\n]"
14:21:22.387 [Forwarding findElement on session 9ff46c75-f860-4b6c-96bf-d1f3a31859fe to remote] DEBUG org.apache.http.wire - http-outgoing-90 &lt;&lt; "date: Thu, 04 Jun 2015 06:21:22 GMT[\r][\n]"
14:21:22.387 [Forwarding findElement on session 9ff46c75-f860-4b6c-96bf-d1f3a31859fe to remote] DEBUG org.apache.http.wire - http-outgoing-90 &lt;&lt; "[\r][\n]"
14:21:22.388 [Forwarding findElement on session 9ff46c75-f860-4b6c-96bf-d1f3a31859fe to remote] DEBUG org.apache.http.wire - http-outgoing-90 &lt;&lt; "{"name":"findElement","sessionId":"9ff46c75-f860-4b6c-96bf-d1f3a31859fe","status":0,"value":{"ELEMENT":"{58240bb6-23f0-4dc8-8095-cfc908a1ef6a}"}}"
14:21:22.388 [Forwarding findElement on session 9ff46c75-f860-4b6c-96bf-d1f3a31859fe to remote] DEBUG org.apache.http.headers - http-outgoing-90 &lt;&lt; HTTP/1.1 200 OK
14:21:22.388 [Forwarding findElement on session 9ff46c75-f860-4b6c-96bf-d1f3a31859fe to remote] DEBUG org.apache.http.headers - http-outgoing-90 &lt;&lt; content-type: application/json; charset=UTF-8
14:21:22.388 [Forwarding findElement on session 9ff46c75-f860-4b6c-96bf-d1f3a31859fe to remote] DEBUG org.apache.http.headers - http-outgoing-90 &lt;&lt; connection: close
14:21:22.388 [Forwarding findElement on session 9ff46c75-f860-4b6c-96bf-d1f3a31859fe to remote] DEBUG org.apache.http.headers - http-outgoing-90 &lt;&lt; content-length: 145
14:21:22.388 [Forwarding findElement on session 9ff46c75-f860-4b6c-96bf-d1f3a31859fe to remote] DEBUG org.apache.http.headers - http-outgoing-90 &lt;&lt; server: httpd.js
14:21:22.388 [Forwarding findElement on session 9ff46c75-f860-4b6c-96bf-d1f3a31859fe to remote] DEBUG org.apache.http.headers - http-outgoing-90 &lt;&lt; date: Thu, 04 Jun 2015 06:21:22 GMT
14:21:22.389 [Forwarding findElement on session 9ff46c75-f860-4b6c-96bf-d1f3a31859fe to remote] DEBUG o.a.h.i.c.DefaultManagedHttpClientConnection - http-outgoing-90: Shutdown connection
14:21:22.389 [Forwarding findElement on session 9ff46c75-f860-4b6c-96bf-d1f3a31859fe to remote] DEBUG o.a.h.impl.execchain.MainClientExec - Connection discarded
14:21:22.389 [Forwarding findElement on session 9ff46c75-f860-4b6c-96bf-d1f3a31859fe to remote] DEBUG o.a.h.i.c.DefaultManagedHttpClientConnection - http-outgoing-90: Close connection
14:21:22.389 [Forwarding findElement on session 9ff46c75-f860-4b6c-96bf-d1f3a31859fe to remote] DEBUG o.a.h.i.c.PoolingHttpClientConnectionManager - Connection released: [id: 90][route: {}-&gt;http://127.0.0.1:7055][total kept alive: 0; route allocated: 0 of 2000; total allocated: 0 of 2000]
true
14:21:22.391 [Forwarding findElement on session 9ff46c75-f860-4b6c-96bf-d1f3a31859fe to remote] DEBUG o.a.h.c.protocol.RequestAddCookies - CookieSpec selected: best-match
14:21:22.391 [Forwarding findElement on session 9ff46c75-f860-4b6c-96bf-d1f3a31859fe to remote] DEBUG o.a.h.c.protocol.RequestAuthCache - Auth cache not set in the context
14:21:22.391 [Forwarding findElement on session 9ff46c75-f860-4b6c-96bf-d1f3a31859fe to remote] DEBUG o.a.h.i.c.PoolingHttpClientConnectionManager - Connection request: [route: {}-&gt;http://127.0.0.1:7055][total kept alive: 0; route allocated: 0 of 2000; total allocated: 0 of 2000]
14:21:22.391 [Forwarding findElement on session 9ff46c75-f860-4b6c-96bf-d1f3a31859fe to remote] DEBUG o.a.h.i.c.PoolingHttpClientConnectionManager - Connection leased: [id: 91][route: {}-&gt;http://127.0.0.1:7055][total kept alive: 0; route allocated: 1 of 2000; total allocated: 1 of 2000]
14:21:22.391 [Forwarding findElement on session 9ff46c75-f860-4b6c-96bf-d1f3a31859fe to remote] DEBUG o.a.h.impl.execchain.MainClientExec - Opening connection {}-&gt;http://127.0.0.1:7055
14:21:22.392 [Forwarding findElement on session 9ff46c75-f860-4b6c-96bf-d1f3a31859fe to remote] DEBUG o.a.h.i.c.HttpClientConnectionOperator - Connecting to /127.0.0.1:7055
14:21:22.393 [Forwarding findElement on session 9ff46c75-f860-4b6c-96bf-d1f3a31859fe to remote] DEBUG o.a.h.i.c.HttpClientConnectionOperator - Connection established 127.0.0.1:58998&lt;-&gt;127.0.0.1:7055
14:21:22.393 [Forwarding findElement on session 9ff46c75-f860-4b6c-96bf-d1f3a31859fe to remote] DEBUG o.a.h.impl.execchain.MainClientExec - Executing request POST /hub/session/9ff46c75-f860-4b6c-96bf-d1f3a31859fe/element HTTP/1.1
14:21:22.393 [Forwarding findElement on session 9ff46c75-f860-4b6c-96bf-d1f3a31859fe to remote] DEBUG o.a.h.impl.execchain.MainClientExec - Target auth state: UNCHALLENGED
14:21:22.393 [Forwarding findElement on session 9ff46c75-f860-4b6c-96bf-d1f3a31859fe to remote] DEBUG o.a.h.impl.execchain.MainClientExec - Proxy auth state: UNCHALLENGED
14:21:22.393 [Forwarding findElement on session 9ff46c75-f860-4b6c-96bf-d1f3a31859fe to remote] DEBUG org.apache.http.headers - http-outgoing-91 &gt;&gt; POST /hub/session/9ff46c75-f860-4b6c-96bf-d1f3a31859fe/element HTTP/1.1
14:21:22.393 [Forwarding findElement on session 9ff46c75-f860-4b6c-96bf-d1f3a31859fe to remote] DEBUG org.apache.http.headers - http-outgoing-91 &gt;&gt; Content-Type: application/json; charset=utf-8
14:21:22.393 [Forwarding findElement on session 9ff46c75-f860-4b6c-96bf-d1f3a31859fe to remote] DEBUG org.apache.http.headers - http-outgoing-91 &gt;&gt; Content-Length: 44
14:21:22.394 [Forwarding findElement on session 9ff46c75-f860-4b6c-96bf-d1f3a31859fe to remote] DEBUG org.apache.http.headers - http-outgoing-91 &gt;&gt; Host: 127.0.0.1:7055
14:21:22.394 [Forwarding findElement on session 9ff46c75-f860-4b6c-96bf-d1f3a31859fe to remote] DEBUG org.apache.http.headers - http-outgoing-91 &gt;&gt; Connection: Keep-Alive
14:21:22.394 [Forwarding findElement on session 9ff46c75-f860-4b6c-96bf-d1f3a31859fe to remote] DEBUG org.apache.http.headers - http-outgoing-91 &gt;&gt; User-Agent: Apache-HttpClient/4.3.4 (java 1.5)
14:21:22.394 [Forwarding findElement on session 9ff46c75-f860-4b6c-96bf-d1f3a31859fe to remote] DEBUG org.apache.http.headers - http-outgoing-91 &gt;&gt; Accept-Encoding: gzip,deflate
14:21:22.394 [Forwarding findElement on session 9ff46c75-f860-4b6c-96bf-d1f3a31859fe to remote] DEBUG org.apache.http.wire - http-outgoing-91 &gt;&gt; "POST /hub/session/9ff46c75-f860-4b6c-96bf-d1f3a31859fe/element HTTP/1.1[\r][\n]"
14:21:22.394 [Forwarding findElement on session 9ff46c75-f860-4b6c-96bf-d1f3a31859fe to remote] DEBUG org.apache.http.wire - http-outgoing-91 &gt;&gt; "Content-Type: application/json; charset=utf-8[\r][\n]"
14:21:22.394 [Forwarding findElement on session 9ff46c75-f860-4b6c-96bf-d1f3a31859fe to remote] DEBUG org.apache.http.wire - http-outgoing-91 &gt;&gt; "Content-Length: 44[\r][\n]"
14:21:22.394 [Forwarding findElement on session 9ff46c75-f860-4b6c-96bf-d1f3a31859fe to remote] DEBUG org.apache.http.wire - http-outgoing-91 &gt;&gt; "Host: 127.0.0.1:7055[\r][\n]"
14:21:22.395 [Forwarding findElement on session 9ff46c75-f860-4b6c-96bf-d1f3a31859fe to remote] DEBUG org.apache.http.wire - http-outgoing-91 &gt;&gt; "Connection: Keep-Alive[\r][\n]"
14:21:22.395 [Forwarding findElement on session 9ff46c75-f860-4b6c-96bf-d1f3a31859fe to remote] DEBUG org.apache.http.wire - http-outgoing-91 &gt;&gt; "User-Agent: Apache-HttpClient/4.3.4 (java 1.5)[\r][\n]"
14:21:22.395 [Forwarding findElement on session 9ff46c75-f860-4b6c-96bf-d1f3a31859fe to remote] DEBUG org.apache.http.wire - http-outgoing-91 &gt;&gt; "Accept-Encoding: gzip,deflate[\r][\n]"
14:21:22.395 [Forwarding findElement on session 9ff46c75-f860-4b6c-96bf-d1f3a31859fe to remote] DEBUG org.apache.http.wire - http-outgoing-91 &gt;&gt; "[\r][\n]"
14:21:22.395 [Forwarding findElement on session 9ff46c75-f860-4b6c-96bf-d1f3a31859fe to remote] DEBUG org.apache.http.wire - http-outgoing-91 &gt;&gt; "{"using":"link text","value":"[0xe5][0x88][0xb6][0xe4][0xbd][0x9c][0xe4][0xb9][0xa6][0xe9][0xa1][0xb5]"}"
14:21:22.411 [Forwarding findElement on session 9ff46c75-f860-4b6c-96bf-d1f3a31859fe to remote] DEBUG org.apache.http.wire - http-outgoing-91 &lt;&lt; "HTTP/1.1 200 OK[\r][\n]"
14:21:22.411 [Forwarding findElement on session 9ff46c75-f860-4b6c-96bf-d1f3a31859fe to remote] DEBUG org.apache.http.wire - http-outgoing-91 &lt;&lt; "content-type: application/json; charset=UTF-8[\r][\n]"
14:21:22.411 [Forwarding findElement on session 9ff46c75-f860-4b6c-96bf-d1f3a31859fe to remote] DEBUG org.apache.http.wire - http-outgoing-91 &lt;&lt; "connection: close[\r][\n]"
14:21:22.411 [Forwarding findElement on session 9ff46c75-f860-4b6c-96bf-d1f3a31859fe to remote] DEBUG org.apache.http.wire - http-outgoing-91 &lt;&lt; "content-length: 145[\r][\n]"
14:21:22.411 [Forwarding findElement on session 9ff46c75-f860-4b6c-96bf-d1f3a31859fe to remote] DEBUG org.apache.http.wire - http-outgoing-91 &lt;&lt; "server: httpd.js[\r][\n]"
14:21:22.411 [Forwarding findElement on session 9ff46c75-f860-4b6c-96bf-d1f3a31859fe to remote] DEBUG org.apache.http.wire - http-outgoing-91 &lt;&lt; "date: Thu, 04 Jun 2015 06:21:22 GMT[\r][\n]"
14:21:22.411 [Forwarding findElement on session 9ff46c75-f860-4b6c-96bf-d1f3a31859fe to remote] DEBUG org.apache.http.wire - http-outgoing-91 &lt;&lt; "[\r][\n]"
14:21:22.411 [Forwarding findElement on session 9ff46c75-f860-4b6c-96bf-d1f3a31859fe to remote] DEBUG org.apache.http.headers - http-outgoing-91 &lt;&lt; HTTP/1.1 200 OK
14:21:22.411 [Forwarding findElement on session 9ff46c75-f860-4b6c-96bf-d1f3a31859fe to remote] DEBUG org.apache.http.headers - http-outgoing-91 &lt;&lt; content-type: application/json; charset=UTF-8
14:21:22.411 [Forwarding findElement on session 9ff46c75-f860-4b6c-96bf-d1f3a31859fe to remote] DEBUG org.apache.http.headers - http-outgoing-91 &lt;&lt; connection: close
14:21:22.412 [Forwarding findElement on session 9ff46c75-f860-4b6c-96bf-d1f3a31859fe to remote] DEBUG org.apache.http.headers - http-outgoing-91 &lt;&lt; content-length: 145
14:21:22.412 [Forwarding findElement on session 9ff46c75-f860-4b6c-96bf-d1f3a31859fe to remote] DEBUG org.apache.http.headers - http-outgoing-91 &lt;&lt; server: httpd.js
14:21:22.412 [Forwarding findElement on session 9ff46c75-f860-4b6c-96bf-d1f3a31859fe to remote] DEBUG org.apache.http.headers - http-outgoing-91 &lt;&lt; date: Thu, 04 Jun 2015 06:21:22 GMT
14:21:22.413 [Forwarding findElement on session 9ff46c75-f860-4b6c-96bf-d1f3a31859fe to remote] DEBUG org.apache.http.wire - http-outgoing-91 &lt;&lt; "{"name":"findElement","sessionId":"9ff46c75-f860-4b6c-96bf-d1f3a31859fe","status":0,"value":{"ELEMENT":"{58240bb6-23f0-4dc8-8095-cfc908a1ef6a}"}}"
14:21:22.413 [Forwarding findElement on session 9ff46c75-f860-4b6c-96bf-d1f3a31859fe to remote] DEBUG o.a.h.i.c.DefaultManagedHttpClientConnection - http-outgoing-91: Shutdown connection
14:21:22.413 [Forwarding findElement on session 9ff46c75-f860-4b6c-96bf-d1f3a31859fe to remote] DEBUG o.a.h.impl.execchain.MainClientExec - Connection discarded
14:21:22.413 [Forwarding findElement on session 9ff46c75-f860-4b6c-96bf-d1f3a31859fe to remote] DEBUG o.a.h.i.c.DefaultManagedHttpClientConnection - http-outgoing-91: Close connection
14:21:22.413 [Forwarding findElement on session 9ff46c75-f860-4b6c-96bf-d1f3a31859fe to remote] DEBUG o.a.h.i.c.PoolingHttpClientConnectionManager - Connection released: [id: 91][route: {}-&gt;http://127.0.0.1:7055][total kept alive: 0; route allocated: 0 of 2000; total allocated: 0 of 2000]
14:21:22.415 [Forwarding findElement on session 9ff46c75-f860-4b6c-96bf-d1f3a31859fe to remote] DEBUG o.a.h.c.protocol.RequestAddCookies - CookieSpec selected: best-match
14:21:22.416 [Forwarding findElement on session 9ff46c75-f860-4b6c-96bf-d1f3a31859fe to remote] DEBUG o.a.h.c.protocol.RequestAuthCache - Auth cache not set in the context
14:21:22.416 [Forwarding findElement on session 9ff46c75-f860-4b6c-96bf-d1f3a31859fe to remote] DEBUG o.a.h.i.c.PoolingHttpClientConnectionManager - Connection request: [route: {}-&gt;http://127.0.0.1:7055][total kept alive: 0; route allocated: 0 of 2000; total allocated: 0 of 2000]
14:21:22.416 [Forwarding findElement on session 9ff46c75-f860-4b6c-96bf-d1f3a31859fe to remote] DEBUG o.a.h.i.c.PoolingHttpClientConnectionManager - Connection leased: [id: 92][route: {}-&gt;http://127.0.0.1:7055][total kept alive: 0; route allocated: 1 of 2000; total allocated: 1 of 2000]
14:21:22.416 [Forwarding findElement on session 9ff46c75-f860-4b6c-96bf-d1f3a31859fe to remote] DEBUG o.a.h.impl.execchain.MainClientExec - Opening connection {}-&gt;http://127.0.0.1:7055
14:21:22.416 [Forwarding findElement on session 9ff46c75-f860-4b6c-96bf-d1f3a31859fe to remote] DEBUG o.a.h.i.c.HttpClientConnectionOperator - Connecting to /127.0.0.1:7055
14:21:22.419 [Forwarding findElement on session 9ff46c75-f860-4b6c-96bf-d1f3a31859fe to remote] DEBUG o.a.h.i.c.HttpClientConnectionOperator - Connection established 127.0.0.1:58999&lt;-&gt;127.0.0.1:7055
14:21:22.419 [Forwarding findElement on session 9ff46c75-f860-4b6c-96bf-d1f3a31859fe to remote] DEBUG o.a.h.impl.execchain.MainClientExec - Executing request POST /hub/session/9ff46c75-f860-4b6c-96bf-d1f3a31859fe/element HTTP/1.1
14:21:22.419 [Forwarding findElement on session 9ff46c75-f860-4b6c-96bf-d1f3a31859fe to remote] DEBUG o.a.h.impl.execchain.MainClientExec - Target auth state: UNCHALLENGED
14:21:22.419 [Forwarding findElement on session 9ff46c75-f860-4b6c-96bf-d1f3a31859fe to remote] DEBUG o.a.h.impl.execchain.MainClientExec - Proxy auth state: UNCHALLENGED
14:21:22.419 [Forwarding findElement on session 9ff46c75-f860-4b6c-96bf-d1f3a31859fe to remote] DEBUG org.apache.http.headers - http-outgoing-92 &gt;&gt; POST /hub/session/9ff46c75-f860-4b6c-96bf-d1f3a31859fe/element HTTP/1.1
14:21:22.419 [Forwarding findElement on session 9ff46c75-f860-4b6c-96bf-d1f3a31859fe to remote] DEBUG org.apache.http.headers - http-outgoing-92 &gt;&gt; Content-Type: application/json; charset=utf-8
14:21:22.419 [Forwarding findElement on session 9ff46c75-f860-4b6c-96bf-d1f3a31859fe to remote] DEBUG org.apache.http.headers - http-outgoing-92 &gt;&gt; Content-Length: 44
14:21:22.420 [Forwarding findElement on session 9ff46c75-f860-4b6c-96bf-d1f3a31859fe to remote] DEBUG org.apache.http.headers - http-outgoing-92 &gt;&gt; Host: 127.0.0.1:7055
14:21:22.420 [Forwarding findElement on session 9ff46c75-f860-4b6c-96bf-d1f3a31859fe to remote] DEBUG org.apache.http.headers - http-outgoing-92 &gt;&gt; Connection: Keep-Alive
14:21:22.420 [Forwarding findElement on session 9ff46c75-f860-4b6c-96bf-d1f3a31859fe to remote] DEBUG org.apache.http.headers - http-outgoing-92 &gt;&gt; User-Agent: Apache-HttpClient/4.3.4 (java 1.5)
14:21:22.420 [Forwarding findElement on session 9ff46c75-f860-4b6c-96bf-d1f3a31859fe to remote] DEBUG org.apache.http.headers - http-outgoing-92 &gt;&gt; Accept-Encoding: gzip,deflate
14:21:22.420 [Forwarding findElement on session 9ff46c75-f860-4b6c-96bf-d1f3a31859fe to remote] DEBUG org.apache.http.wire - http-outgoing-92 &gt;&gt; "POST /hub/session/9ff46c75-f860-4b6c-96bf-d1f3a31859fe/element HTTP/1.1[\r][\n]"
14:21:22.420 [Forwarding findElement on session 9ff46c75-f860-4b6c-96bf-d1f3a31859fe to remote] DEBUG org.apache.http.wire - http-outgoing-92 &gt;&gt; "Content-Type: application/json; charset=utf-8[\r][\n]"
14:21:22.420 [Forwarding findElement on session 9ff46c75-f860-4b6c-96bf-d1f3a31859fe to remote] DEBUG org.apache.http.wire - http-outgoing-92 &gt;&gt; "Content-Length: 44[\r][\n]"
14:21:22.420 [Forwarding findElement on session 9ff46c75-f860-4b6c-96bf-d1f3a31859fe to remote] DEBUG org.apache.http.wire - http-outgoing-92 &gt;&gt; "Host: 127.0.0.1:7055[\r][\n]"
14:21:22.420 [Forwarding findElement on session 9ff46c75-f860-4b6c-96bf-d1f3a31859fe to remote] DEBUG org.apache.http.wire - http-outgoing-92 &gt;&gt; "Connection: Keep-Alive[\r][\n]"
14:21:22.420 [Forwarding findElement on session 9ff46c75-f860-4b6c-96bf-d1f3a31859fe to remote] DEBUG org.apache.http.wire - http-outgoing-92 &gt;&gt; "User-Agent: Apache-HttpClient/4.3.4 (java 1.5)[\r][\n]"
14:21:22.421 [Forwarding findElement on session 9ff46c75-f860-4b6c-96bf-d1f3a31859fe to remote] DEBUG org.apache.http.wire - http-outgoing-92 &gt;&gt; "Accept-Encoding: gzip,deflate[\r][\n]"
14:21:22.421 [Forwarding findElement on session 9ff46c75-f860-4b6c-96bf-d1f3a31859fe to remote] DEBUG org.apache.http.wire - http-outgoing-92 &gt;&gt; "[\r][\n]"
14:21:22.421 [Forwarding findElement on session 9ff46c75-f860-4b6c-96bf-d1f3a31859fe to remote] DEBUG org.apache.http.wire - http-outgoing-92 &gt;&gt; "{"using":"link text","value":"[0xe5][0x88][0xb6][0xe4][0xbd][0x9c][0xe4][0xb9][0xa6][0xe9][0xa1][0xb5]"}"
14:21:22.443 [Forwarding findElement on session 9ff46c75-f860-4b6c-96bf-d1f3a31859fe to remote] DEBUG org.apache.http.wire - http-outgoing-92 &lt;&lt; "HTTP/1.1 200 OK[\r][\n]"
14:21:22.443 [Forwarding findElement on session 9ff46c75-f860-4b6c-96bf-d1f3a31859fe to remote] DEBUG org.apache.http.wire - http-outgoing-92 &lt;&lt; "content-type: application/json; charset=UTF-8[\r][\n]"
14:21:22.443 [Forwarding findElement on session 9ff46c75-f860-4b6c-96bf-d1f3a31859fe to remote] DEBUG org.apache.http.wire - http-outgoing-92 &lt;&lt; "connection: close[\r][\n]"
14:21:22.443 [Forwarding findElement on session 9ff46c75-f860-4b6c-96bf-d1f3a31859fe to remote] DEBUG org.apache.http.wire - http-outgoing-92 &lt;&lt; "content-length: 145[\r][\n]"
14:21:22.444 [Forwarding findElement on session 9ff46c75-f860-4b6c-96bf-d1f3a31859fe to remote] DEBUG org.apache.http.wire - http-outgoing-92 &lt;&lt; "server: httpd.js[\r][\n]"
14:21:22.444 [Forwarding findElement on session 9ff46c75-f860-4b6c-96bf-d1f3a31859fe to remote] DEBUG org.apache.http.wire - http-outgoing-92 &lt;&lt; "date: Thu, 04 Jun 2015 06:21:22 GMT[\r][\n]"
14:21:22.444 [Forwarding findElement on session 9ff46c75-f860-4b6c-96bf-d1f3a31859fe to remote] DEBUG org.apache.http.wire - http-outgoing-92 &lt;&lt; "[\r][\n]"
14:21:22.444 [Forwarding findElement on session 9ff46c75-f860-4b6c-96bf-d1f3a31859fe to remote] DEBUG org.apache.http.wire - http-outgoing-92 &lt;&lt; "{"name":"findElement","sessionId":"9ff46c75-f860-4b6c-96bf-d1f3a31859fe","status":0,"value":{"ELEMENT":"{58240bb6-23f0-4dc8-8095-cfc908a1ef6a}"}}"
14:21:22.444 [Forwarding findElement on session 9ff46c75-f860-4b6c-96bf-d1f3a31859fe to remote] DEBUG org.apache.http.headers - http-outgoing-92 &lt;&lt; HTTP/1.1 200 OK
14:21:22.444 [Forwarding findElement on session 9ff46c75-f860-4b6c-96bf-d1f3a31859fe to remote] DEBUG org.apache.http.headers - http-outgoing-92 &lt;&lt; content-type: application/json; charset=UTF-8
14:21:22.444 [Forwarding findElement on session 9ff46c75-f860-4b6c-96bf-d1f3a31859fe to remote] DEBUG org.apache.http.headers - http-outgoing-92 &lt;&lt; connection: close
14:21:22.450 [Forwarding findElement on session 9ff46c75-f860-4b6c-96bf-d1f3a31859fe to remote] DEBUG org.apache.http.headers - http-outgoing-92 &lt;&lt; content-length: 145
14:21:22.450 [Forwarding findElement on session 9ff46c75-f860-4b6c-96bf-d1f3a31859fe to remote] DEBUG org.apache.http.headers - http-outgoing-92 &lt;&lt; server: httpd.js
14:21:22.450 [Forwarding findElement on session 9ff46c75-f860-4b6c-96bf-d1f3a31859fe to remote] DEBUG org.apache.http.headers - http-outgoing-92 &lt;&lt; date: Thu, 04 Jun 2015 06:21:22 GMT
14:21:22.451 [Forwarding findElement on session 9ff46c75-f860-4b6c-96bf-d1f3a31859fe to remote] DEBUG o.a.h.i.c.DefaultManagedHttpClientConnection - http-outgoing-92: Shutdown connection
14:21:22.451 [Forwarding findElement on session 9ff46c75-f860-4b6c-96bf-d1f3a31859fe to remote] DEBUG o.a.h.impl.execchain.MainClientExec - Connection discarded
14:21:22.451 [Forwarding findElement on session 9ff46c75-f860-4b6c-96bf-d1f3a31859fe to remote] DEBUG o.a.h.i.c.DefaultManagedHttpClientConnection - http-outgoing-92: Close connection
14:21:22.451 [Forwarding findElement on session 9ff46c75-f860-4b6c-96bf-d1f3a31859fe to remote] DEBUG o.a.h.i.c.PoolingHttpClientConnectionManager - Connection released: [id: 92][route: {}-&gt;http://127.0.0.1:7055][total kept alive: 0; route allocated: 0 of 2000; total allocated: 0 of 2000]
14:21:22.452 [Forwarding clickElement on session 9ff46c75-f860-4b6c-96bf-d1f3a31859fe to remote] DEBUG o.a.h.c.protocol.RequestAddCookies - CookieSpec selected: best-match
14:21:22.453 [Forwarding clickElement on session 9ff46c75-f860-4b6c-96bf-d1f3a31859fe to remote] DEBUG o.a.h.c.protocol.RequestAuthCache - Auth cache not set in the context
14:21:22.453 [Forwarding clickElement on session 9ff46c75-f860-4b6c-96bf-d1f3a31859fe to remote] DEBUG o.a.h.i.c.PoolingHttpClientConnectionManager - Connection request: [route: {}-&gt;http://127.0.0.1:7055][total kept alive: 0; route allocated: 0 of 2000; total allocated: 0 of 2000]
14:21:22.453 [Forwarding clickElement on session 9ff46c75-f860-4b6c-96bf-d1f3a31859fe to remote] DEBUG o.a.h.i.c.PoolingHttpClientConnectionManager - Connection leased: [id: 93][route: {}-&gt;http://127.0.0.1:7055][total kept alive: 0; route allocated: 1 of 2000; total allocated: 1 of 2000]
14:21:22.453 [Forwarding clickElement on session 9ff46c75-f860-4b6c-96bf-d1f3a31859fe to remote] DEBUG o.a.h.impl.execchain.MainClientExec - Opening connection {}-&gt;http://127.0.0.1:7055
14:21:22.453 [Forwarding clickElement on session 9ff46c75-f860-4b6c-96bf-d1f3a31859fe to remote] DEBUG o.a.h.i.c.HttpClientConnectionOperator - Connecting to /127.0.0.1:7055
14:21:22.454 [Forwarding clickElement on session 9ff46c75-f860-4b6c-96bf-d1f3a31859fe to remote] DEBUG o.a.h.i.c.HttpClientConnectionOperator - Connection established 127.0.0.1:59000&lt;-&gt;127.0.0.1:7055
14:21:22.454 [Forwarding clickElement on session 9ff46c75-f860-4b6c-96bf-d1f3a31859fe to remote] DEBUG o.a.h.impl.execchain.MainClientExec - Executing request POST /hub/session/9ff46c75-f860-4b6c-96bf-d1f3a31859fe/element/%7B58240bb6-23f0-4dc8-8095-cfc908a1ef6a%7D/click HTTP/1.1
14:21:22.454 [Forwarding clickElement on session 9ff46c75-f860-4b6c-96bf-d1f3a31859fe to remote] DEBUG o.a.h.impl.execchain.MainClientExec - Target auth state: UNCHALLENGED
14:21:22.454 [Forwarding clickElement on session 9ff46c75-f860-4b6c-96bf-d1f3a31859fe to remote] DEBUG o.a.h.impl.execchain.MainClientExec - Proxy auth state: UNCHALLENGED
14:21:22.454 [Forwarding clickElement on session 9ff46c75-f860-4b6c-96bf-d1f3a31859fe to remote] DEBUG org.apache.http.headers - http-outgoing-93 &gt;&gt; POST /hub/session/9ff46c75-f860-4b6c-96bf-d1f3a31859fe/element/%7B58240bb6-23f0-4dc8-8095-cfc908a1ef6a%7D/click HTTP/1.1
14:21:22.454 [Forwarding clickElement on session 9ff46c75-f860-4b6c-96bf-d1f3a31859fe to remote] DEBUG org.apache.http.headers - http-outgoing-93 &gt;&gt; Content-Type: application/json; charset=utf-8
14:21:22.454 [Forwarding clickElement on session 9ff46c75-f860-4b6c-96bf-d1f3a31859fe to remote] DEBUG org.apache.http.headers - http-outgoing-93 &gt;&gt; Content-Length: 47
14:21:22.454 [Forwarding clickElement on session 9ff46c75-f860-4b6c-96bf-d1f3a31859fe to remote] DEBUG org.apache.http.headers - http-outgoing-93 &gt;&gt; Host: 127.0.0.1:7055
14:21:22.454 [Forwarding clickElement on session 9ff46c75-f860-4b6c-96bf-d1f3a31859fe to remote] DEBUG org.apache.http.headers - http-outgoing-93 &gt;&gt; Connection: Keep-Alive
14:21:22.454 [Forwarding clickElement on session 9ff46c75-f860-4b6c-96bf-d1f3a31859fe to remote] DEBUG org.apache.http.headers - http-outgoing-93 &gt;&gt; User-Agent: Apache-HttpClient/4.3.4 (java 1.5)
14:21:22.454 [Forwarding clickElement on session 9ff46c75-f860-4b6c-96bf-d1f3a31859fe to remote] DEBUG org.apache.http.headers - http-outgoing-93 &gt;&gt; Accept-Encoding: gzip,deflate
14:21:22.454 [Forwarding clickElement on session 9ff46c75-f860-4b6c-96bf-d1f3a31859fe to remote] DEBUG org.apache.http.wire - http-outgoing-93 &gt;&gt; "POST /hub/session/9ff46c75-f860-4b6c-96bf-d1f3a31859fe/element/%7B58240bb6-23f0-4dc8-8095-cfc908a1ef6a%7D/click HTTP/1.1[\r][\n]"
14:21:22.454 [Forwarding clickElement on session 9ff46c75-f860-4b6c-96bf-d1f3a31859fe to remote] DEBUG org.apache.http.wire - http-outgoing-93 &gt;&gt; "Content-Type: application/json; charset=utf-8[\r][\n]"
14:21:22.454 [Forwarding clickElement on session 9ff46c75-f860-4b6c-96bf-d1f3a31859fe to remote] DEBUG org.apache.http.wire - http-outgoing-93 &gt;&gt; "Content-Length: 47[\r][\n]"
14:21:22.454 [Forwarding clickElement on session 9ff46c75-f860-4b6c-96bf-d1f3a31859fe to remote] DEBUG org.apache.http.wire - http-outgoing-93 &gt;&gt; "Host: 127.0.0.1:7055[\r][\n]"
14:21:22.455 [Forwarding clickElement on session 9ff46c75-f860-4b6c-96bf-d1f3a31859fe to remote] DEBUG org.apache.http.wire - http-outgoing-93 &gt;&gt; "Connection: Keep-Alive[\r][\n]"
14:21:22.459 [Forwarding clickElement on session 9ff46c75-f860-4b6c-96bf-d1f3a31859fe to remote] DEBUG org.apache.http.wire - http-outgoing-93 &gt;&gt; "User-Agent: Apache-HttpClient/4.3.4 (java 1.5)[\r][\n]"
14:21:22.459 [Forwarding clickElement on session 9ff46c75-f860-4b6c-96bf-d1f3a31859fe to remote] DEBUG org.apache.http.wire - http-outgoing-93 &gt;&gt; "Accept-Encoding: gzip,deflate[\r][\n]"
14:21:22.459 [Forwarding clickElement on session 9ff46c75-f860-4b6c-96bf-d1f3a31859fe to remote] DEBUG org.apache.http.wire - http-outgoing-93 &gt;&gt; "[\r][\n]"
14:21:22.459 [Forwarding clickElement on session 9ff46c75-f860-4b6c-96bf-d1f3a31859fe to remote] DEBUG org.apache.http.wire - http-outgoing-93 &gt;&gt; "{"id":"{58240bb6-23f0-4dc8-8095-cfc908a1ef6a}"}"
14:21:23.604 [Forwarding clickElement on session 9ff46c75-f860-4b6c-96bf-d1f3a31859fe to remote] DEBUG org.apache.http.wire - http-outgoing-93 &lt;&lt; "HTTP/1.1 200 OK[\r][\n]"
14:21:23.604 [Forwarding clickElement on session 9ff46c75-f860-4b6c-96bf-d1f3a31859fe to remote] DEBUG org.apache.http.wire - http-outgoing-93 &lt;&lt; "content-type: application/json; charset=UTF-8[\r][\n]"
14:21:23.604 [Forwarding clickElement on session 9ff46c75-f860-4b6c-96bf-d1f3a31859fe to remote] DEBUG org.apache.http.wire - http-outgoing-93 &lt;&lt; "connection: close[\r][\n]"
14:21:23.605 [Forwarding clickElement on session 9ff46c75-f860-4b6c-96bf-d1f3a31859fe to remote] DEBUG org.apache.http.wire - http-outgoing-93 &lt;&lt; "content-length: 98[\r][\n]"
14:21:23.605 [Forwarding clickElement on session 9ff46c75-f860-4b6c-96bf-d1f3a31859fe to remote] DEBUG org.apache.http.wire - http-outgoing-93 &lt;&lt; "server: httpd.js[\r][\n]"
14:21:23.605 [Forwarding clickElement on session 9ff46c75-f860-4b6c-96bf-d1f3a31859fe to remote] DEBUG org.apache.http.wire - http-outgoing-93 &lt;&lt; "date: Thu, 04 Jun 2015 06:21:23 GMT[\r][\n]"
14:21:23.605 [Forwarding clickElement on session 9ff46c75-f860-4b6c-96bf-d1f3a31859fe to remote] DEBUG org.apache.http.wire - http-outgoing-93 &lt;&lt; "[\r][\n]"
14:21:23.605 [Forwarding clickElement on session 9ff46c75-f860-4b6c-96bf-d1f3a31859fe to remote] DEBUG org.apache.http.headers - http-outgoing-93 &lt;&lt; HTTP/1.1 200 OK
14:21:23.605 [Forwarding clickElement on session 9ff46c75-f860-4b6c-96bf-d1f3a31859fe to remote] DEBUG org.apache.http.headers - http-outgoing-93 &lt;&lt; content-type: application/json; charset=UTF-8
14:21:23.605 [Forwarding clickElement on session 9ff46c75-f860-4b6c-96bf-d1f3a31859fe to remote] DEBUG org.apache.http.headers - http-outgoing-93 &lt;&lt; connection: close
14:21:23.605 [Forwarding clickElement on session 9ff46c75-f860-4b6c-96bf-d1f3a31859fe to remote] DEBUG org.apache.http.headers - http-outgoing-93 &lt;&lt; content-length: 98
14:21:23.605 [Forwarding clickElement on session 9ff46c75-f860-4b6c-96bf-d1f3a31859fe to remote] DEBUG org.apache.http.headers - http-outgoing-93 &lt;&lt; server: httpd.js
14:21:23.605 [Forwarding clickElement on session 9ff46c75-f860-4b6c-96bf-d1f3a31859fe to remote] DEBUG org.apache.http.headers - http-outgoing-93 &lt;&lt; date: Thu, 04 Jun 2015 06:21:23 GMT
14:21:23.607 [Forwarding clickElement on session 9ff46c75-f860-4b6c-96bf-d1f3a31859fe to remote] DEBUG org.apache.http.wire - http-outgoing-93 &lt;&lt; "{"name":"clickElement","sessionId":"9ff46c75-f860-4b6c-96bf-d1f3a31859fe","status":0,"value":"ok"}"
14:21:23.607 [Forwarding clickElement on session 9ff46c75-f860-4b6c-96bf-d1f3a31859fe to remote] DEBUG o.a.h.i.c.DefaultManagedHttpClientConnection - http-outgoing-93: Shutdown connection
14:21:23.607 [Forwarding clickElement on session 9ff46c75-f860-4b6c-96bf-d1f3a31859fe to remote] DEBUG o.a.h.impl.execchain.MainClientExec - Connection discarded
14:21:23.608 [Forwarding clickElement on session 9ff46c75-f860-4b6c-96bf-d1f3a31859fe to remote] DEBUG o.a.h.i.c.DefaultManagedHttpClientConnection - http-outgoing-93: Close connection
14:21:23.608 [Forwarding clickElement on session 9ff46c75-f860-4b6c-96bf-d1f3a31859fe to remote] DEBUG o.a.h.i.c.PoolingHttpClientConnectionManager - Connection released: [id: 93][route: {}-&gt;http://127.0.0.1:7055][total kept alive: 0; route allocated: 0 of 2000; total allocated: 0 of 2000]
14:21:23.609 [Forwarding findElement on session 9ff46c75-f860-4b6c-96bf-d1f3a31859fe to remote] DEBUG o.a.h.c.protocol.RequestAddCookies - CookieSpec selected: best-match
14:21:23.609 [Forwarding findElement on session 9ff46c75-f860-4b6c-96bf-d1f3a31859fe to remote] DEBUG o.a.h.c.protocol.RequestAuthCache - Auth cache not set in the context
14:21:23.609 [Forwarding findElement on session 9ff46c75-f860-4b6c-96bf-d1f3a31859fe to remote] DEBUG o.a.h.i.c.PoolingHttpClientConnectionManager - Connection request: [route: {}-&gt;http://127.0.0.1:7055][total kept alive: 0; route allocated: 0 of 2000; total allocated: 0 of 2000]
14:21:23.610 [Forwarding findElement on session 9ff46c75-f860-4b6c-96bf-d1f3a31859fe to remote] DEBUG o.a.h.i.c.PoolingHttpClientConnectionManager - Connection leased: [id: 94][route: {}-&gt;http://127.0.0.1:7055][total kept alive: 0; route allocated: 1 of 2000; total allocated: 1 of 2000]
14:21:23.610 [Forwarding findElement on session 9ff46c75-f860-4b6c-96bf-d1f3a31859fe to remote] DEBUG o.a.h.impl.execchain.MainClientExec - Opening connection {}-&gt;http://127.0.0.1:7055
14:21:23.610 [Forwarding findElement on session 9ff46c75-f860-4b6c-96bf-d1f3a31859fe to remote] DEBUG o.a.h.i.c.HttpClientConnectionOperator - Connecting to /127.0.0.1:7055
14:21:23.610 [Forwarding findElement on session 9ff46c75-f860-4b6c-96bf-d1f3a31859fe to remote] DEBUG o.a.h.i.c.HttpClientConnectionOperator - Connection established 127.0.0.1:59010&lt;-&gt;127.0.0.1:7055
14:21:23.611 [Forwarding findElement on session 9ff46c75-f860-4b6c-96bf-d1f3a31859fe to remote] DEBUG o.a.h.impl.execchain.MainClientExec - Executing request POST /hub/session/9ff46c75-f860-4b6c-96bf-d1f3a31859fe/element HTTP/1.1
14:21:23.611 [Forwarding findElement on session 9ff46c75-f860-4b6c-96bf-d1f3a31859fe to remote] DEBUG o.a.h.impl.execchain.MainClientExec - Target auth state: UNCHALLENGED
14:21:23.611 [Forwarding findElement on session 9ff46c75-f860-4b6c-96bf-d1f3a31859fe to remote] DEBUG o.a.h.impl.execchain.MainClientExec - Proxy auth state: UNCHALLENGED
14:21:23.611 [Forwarding findElement on session 9ff46c75-f860-4b6c-96bf-d1f3a31859fe to remote] DEBUG org.apache.http.headers - http-outgoing-94 &gt;&gt; POST /hub/session/9ff46c75-f860-4b6c-96bf-d1f3a31859fe/element HTTP/1.1
14:21:23.611 [Forwarding findElement on session 9ff46c75-f860-4b6c-96bf-d1f3a31859fe to remote] DEBUG org.apache.http.headers - http-outgoing-94 &gt;&gt; Content-Type: application/json; charset=utf-8
14:21:23.611 [Forwarding findElement on session 9ff46c75-f860-4b6c-96bf-d1f3a31859fe to remote] DEBUG org.apache.http.headers - http-outgoing-94 &gt;&gt; Content-Length: 44
14:21:23.611 [Forwarding findElement on session 9ff46c75-f860-4b6c-96bf-d1f3a31859fe to remote] DEBUG org.apache.http.headers - http-outgoing-94 &gt;&gt; Host: 127.0.0.1:7055
14:21:23.611 [Forwarding findElement on session 9ff46c75-f860-4b6c-96bf-d1f3a31859fe to remote] DEBUG org.apache.http.headers - http-outgoing-94 &gt;&gt; Connection: Keep-Alive
14:21:23.612 [Forwarding findElement on session 9ff46c75-f860-4b6c-96bf-d1f3a31859fe to remote] DEBUG org.apache.http.headers - http-outgoing-94 &gt;&gt; User-Agent: Apache-HttpClient/4.3.4 (java 1.5)
14:21:23.612 [Forwarding findElement on session 9ff46c75-f860-4b6c-96bf-d1f3a31859fe to remote] DEBUG org.apache.http.headers - http-outgoing-94 &gt;&gt; Accept-Encoding: gzip,deflate
14:21:23.612 [Forwarding findElement on session 9ff46c75-f860-4b6c-96bf-d1f3a31859fe to remote] DEBUG org.apache.http.wire - http-outgoing-94 &gt;&gt; "POST /hub/session/9ff46c75-f860-4b6c-96bf-d1f3a31859fe/element HTTP/1.1[\r][\n]"
14:21:23.612 [Forwarding findElement on session 9ff46c75-f860-4b6c-96bf-d1f3a31859fe to remote] DEBUG org.apache.http.wire - http-outgoing-94 &gt;&gt; "Content-Type: application/json; charset=utf-8[\r][\n]"
14:21:23.612 [Forwarding findElement on session 9ff46c75-f860-4b6c-96bf-d1f3a31859fe to remote] DEBUG org.apache.http.wire - http-outgoing-94 &gt;&gt; "Content-Length: 44[\r][\n]"
14:21:23.612 [Forwarding findElement on session 9ff46c75-f860-4b6c-96bf-d1f3a31859fe to remote] DEBUG org.apache.http.wire - http-outgoing-94 &gt;&gt; "Host: 127.0.0.1:7055[\r][\n]"
14:21:23.612 [Forwarding findElement on session 9ff46c75-f860-4b6c-96bf-d1f3a31859fe to remote] DEBUG org.apache.http.wire - http-outgoing-94 &gt;&gt; "Connection: Keep-Alive[\r][\n]"
14:21:23.612 [Forwarding findElement on session 9ff46c75-f860-4b6c-96bf-d1f3a31859fe to remote] DEBUG org.apache.http.wire - http-outgoing-94 &gt;&gt; "User-Agent: Apache-HttpClient/4.3.4 (java 1.5)[\r][\n]"
14:21:23.612 [Forwarding findElement on session 9ff46c75-f860-4b6c-96bf-d1f3a31859fe to remote] DEBUG org.apache.http.wire - http-outgoing-94 &gt;&gt; "Accept-Encoding: gzip,deflate[\r][\n]"
14:21:23.612 [Forwarding findElement on session 9ff46c75-f860-4b6c-96bf-d1f3a31859fe to remote] DEBUG org.apache.http.wire - http-outgoing-94 &gt;&gt; "[\r][\n]"
14:21:23.612 [Forwarding findElement on session 9ff46c75-f860-4b6c-96bf-d1f3a31859fe to remote] DEBUG org.apache.http.wire - http-outgoing-94 &gt;&gt; "{"using":"link text","value":"[0xe4][0xb8][0xbe][0xe6][0x89][0x8b][0xe6][0x8a][0x95][0xe7][0xa5][0xa8]"}"
14:21:32.058 [Forwarding findElement on session 9ff46c75-f860-4b6c-96bf-d1f3a31859fe to remote] DEBUG org.apache.http.wire - http-outgoing-94 &lt;&lt; "HTTP/1.1 200 OK[\r][\n]"
14:21:32.058 [Forwarding findElement on session 9ff46c75-f860-4b6c-96bf-d1f3a31859fe to remote] DEBUG org.apache.http.wire - http-outgoing-94 &lt;&lt; "content-type: application/json; charset=UTF-8[\r][\n]"
14:21:32.058 [Forwarding findElement on session 9ff46c75-f860-4b6c-96bf-d1f3a31859fe to remote] DEBUG org.apache.http.wire - http-outgoing-94 &lt;&lt; "connection: close[\r][\n]"
14:21:32.059 [Forwarding findElement on session 9ff46c75-f860-4b6c-96bf-d1f3a31859fe to remote] DEBUG org.apache.http.wire - http-outgoing-94 &lt;&lt; "content-length: 145[\r][\n]"
14:21:32.060 [Forwarding findElement on session 9ff46c75-f860-4b6c-96bf-d1f3a31859fe to remote] DEBUG org.apache.http.wire - http-outgoing-94 &lt;&lt; "server: httpd.js[\r][\n]"
14:21:32.060 [Forwarding findElement on session 9ff46c75-f860-4b6c-96bf-d1f3a31859fe to remote] DEBUG org.apache.http.wire - http-outgoing-94 &lt;&lt; "date: Thu, 04 Jun 2015 06:21:32 GMT[\r][\n]"
14:21:32.060 [Forwarding findElement on session 9ff46c75-f860-4b6c-96bf-d1f3a31859fe to remote] DEBUG org.apache.http.wire - http-outgoing-94 &lt;&lt; "[\r][\n]"
14:21:32.060 [Forwarding findElement on session 9ff46c75-f860-4b6c-96bf-d1f3a31859fe to remote] DEBUG org.apache.http.headers - http-outgoing-94 &lt;&lt; HTTP/1.1 200 OK
14:21:32.060 [Forwarding findElement on session 9ff46c75-f860-4b6c-96bf-d1f3a31859fe to remote] DEBUG org.apache.http.headers - http-outgoing-94 &lt;&lt; content-type: application/json; charset=UTF-8
14:21:32.060 [Forwarding findElement on session 9ff46c75-f860-4b6c-96bf-d1f3a31859fe to remote] DEBUG org.apache.http.headers - http-outgoing-94 &lt;&lt; connection: close
14:21:32.060 [Forwarding findElement on session 9ff46c75-f860-4b6c-96bf-d1f3a31859fe to remote] DEBUG org.apache.http.headers - http-outgoing-94 &lt;&lt; content-length: 145
14:21:32.060 [Forwarding findElement on session 9ff46c75-f860-4b6c-96bf-d1f3a31859fe to remote] DEBUG org.apache.http.headers - http-outgoing-94 &lt;&lt; server: httpd.js
14:21:32.060 [Forwarding findElement on session 9ff46c75-f860-4b6c-96bf-d1f3a31859fe to remote] DEBUG org.apache.http.headers - http-outgoing-94 &lt;&lt; date: Thu, 04 Jun 2015 06:21:32 GMT
14:21:32.085 [Forwarding findElement on session 9ff46c75-f860-4b6c-96bf-d1f3a31859fe to remote] DEBUG org.apache.http.wire - http-outgoing-94 &lt;&lt; "{"name":"findElement","sessionId":"9ff46c75-f860-4b6c-96bf-d1f3a31859fe","status":0,"value":{"ELEMENT":"{d97534c3-35a8-4fe8-8c2e-444ecc323039}"}}"
14:21:32.085 [Forwarding findElement on session 9ff46c75-f860-4b6c-96bf-d1f3a31859fe to remote] DEBUG o.a.h.i.c.DefaultManagedHttpClientConnection - http-outgoing-94: Shutdown connection
14:21:32.085 [Forwarding findElement on session 9ff46c75-f860-4b6c-96bf-d1f3a31859fe to remote] DEBUG o.a.h.impl.execchain.MainClientExec - Connection discarded
14:21:32.085 [Forwarding findElement on session 9ff46c75-f860-4b6c-96bf-d1f3a31859fe to remote] DEBUG o.a.h.i.c.DefaultManagedHttpClientConnection - http-outgoing-94: Close connection
14:21:32.086 [Forwarding findElement on session 9ff46c75-f860-4b6c-96bf-d1f3a31859fe to remote] DEBUG o.a.h.i.c.PoolingHttpClientConnectionManager - Connection released: [id: 94][route: {}-&gt;http://127.0.0.1:7055][total kept alive: 0; route allocated: 0 of 2000; total allocated: 0 of 2000]
14:21:32.088 [Forwarding findElement on session 9ff46c75-f860-4b6c-96bf-d1f3a31859fe to remote] DEBUG o.a.h.c.protocol.RequestAddCookies - CookieSpec selected: best-match
14:21:32.088 [Forwarding findElement on session 9ff46c75-f860-4b6c-96bf-d1f3a31859fe to remote] DEBUG o.a.h.c.protocol.RequestAuthCache - Auth cache not set in the context
14:21:32.088 [Forwarding findElement on session 9ff46c75-f860-4b6c-96bf-d1f3a31859fe to remote] DEBUG o.a.h.i.c.PoolingHttpClientConnectionManager - Connection request: [route: {}-&gt;http://127.0.0.1:7055][total kept alive: 0; route allocated: 0 of 2000; total allocated: 0 of 2000]
14:21:32.088 [Forwarding findElement on session 9ff46c75-f860-4b6c-96bf-d1f3a31859fe to remote] DEBUG o.a.h.i.c.PoolingHttpClientConnectionManager - Connection leased: [id: 95][route: {}-&gt;http://127.0.0.1:7055][total kept alive: 0; route allocated: 1 of 2000; total allocated: 1 of 2000]
14:21:32.089 [Forwarding findElement on session 9ff46c75-f860-4b6c-96bf-d1f3a31859fe to remote] DEBUG o.a.h.impl.execchain.MainClientExec - Opening connection {}-&gt;http://127.0.0.1:7055
14:21:32.089 [Forwarding findElement on session 9ff46c75-f860-4b6c-96bf-d1f3a31859fe to remote] DEBUG o.a.h.i.c.HttpClientConnectionOperator - Connecting to /127.0.0.1:7055
14:21:32.089 [Forwarding findElement on session 9ff46c75-f860-4b6c-96bf-d1f3a31859fe to remote] DEBUG o.a.h.i.c.HttpClientConnectionOperator - Connection established 127.0.0.1:59011&lt;-&gt;127.0.0.1:7055
14:21:32.089 [Forwarding findElement on session 9ff46c75-f860-4b6c-96bf-d1f3a31859fe to remote] DEBUG o.a.h.impl.execchain.MainClientExec - Executing request POST /hub/session/9ff46c75-f860-4b6c-96bf-d1f3a31859fe/element HTTP/1.1
14:21:32.089 [Forwarding findElement on session 9ff46c75-f860-4b6c-96bf-d1f3a31859fe to remote] DEBUG o.a.h.impl.execchain.MainClientExec - Target auth state: UNCHALLENGED
14:21:32.089 [Forwarding findElement on session 9ff46c75-f860-4b6c-96bf-d1f3a31859fe to remote] DEBUG o.a.h.impl.execchain.MainClientExec - Proxy auth state: UNCHALLENGED
14:21:32.089 [Forwarding findElement on session 9ff46c75-f860-4b6c-96bf-d1f3a31859fe to remote] DEBUG org.apache.http.headers - http-outgoing-95 &gt;&gt; POST /hub/session/9ff46c75-f860-4b6c-96bf-d1f3a31859fe/element HTTP/1.1
14:21:32.090 [Forwarding findElement on session 9ff46c75-f860-4b6c-96bf-d1f3a31859fe to remote] DEBUG org.apache.http.headers - http-outgoing-95 &gt;&gt; Content-Type: application/json; charset=utf-8
14:21:32.090 [Forwarding findElement on session 9ff46c75-f860-4b6c-96bf-d1f3a31859fe to remote] DEBUG org.apache.http.headers - http-outgoing-95 &gt;&gt; Content-Length: 44
14:21:32.090 [Forwarding findElement on session 9ff46c75-f860-4b6c-96bf-d1f3a31859fe to remote] DEBUG org.apache.http.headers - http-outgoing-95 &gt;&gt; Host: 127.0.0.1:7055
14:21:32.090 [Forwarding findElement on session 9ff46c75-f860-4b6c-96bf-d1f3a31859fe to remote] DEBUG org.apache.http.headers - http-outgoing-95 &gt;&gt; Connection: Keep-Alive
14:21:32.090 [Forwarding findElement on session 9ff46c75-f860-4b6c-96bf-d1f3a31859fe to remote] DEBUG org.apache.http.headers - http-outgoing-95 &gt;&gt; User-Agent: Apache-HttpClient/4.3.4 (java 1.5)
14:21:32.090 [Forwarding findElement on session 9ff46c75-f860-4b6c-96bf-d1f3a31859fe to remote] DEBUG org.apache.http.headers - http-outgoing-95 &gt;&gt; Accept-Encoding: gzip,deflate
14:21:32.091 [Forwarding findElement on session 9ff46c75-f860-4b6c-96bf-d1f3a31859fe to remote] DEBUG org.apache.http.wire - http-outgoing-95 &gt;&gt; "POST /hub/session/9ff46c75-f860-4b6c-96bf-d1f3a31859fe/element HTTP/1.1[\r][\n]"
14:21:32.092 [Forwarding findElement on session 9ff46c75-f860-4b6c-96bf-d1f3a31859fe to remote] DEBUG org.apache.http.wire - http-outgoing-95 &gt;&gt; "Content-Type: application/json; charset=utf-8[\r][\n]"
14:21:32.092 [Forwarding findElement on session 9ff46c75-f860-4b6c-96bf-d1f3a31859fe to remote] DEBUG org.apache.http.wire - http-outgoing-95 &gt;&gt; "Content-Length: 44[\r][\n]"
14:21:32.092 [Forwarding findElement on session 9ff46c75-f860-4b6c-96bf-d1f3a31859fe to remote] DEBUG org.apache.http.wire - http-outgoing-95 &gt;&gt; "Host: 127.0.0.1:7055[\r][\n]"
14:21:32.092 [Forwarding findElement on session 9ff46c75-f860-4b6c-96bf-d1f3a31859fe to remote] DEBUG org.apache.http.wire - http-outgoing-95 &gt;&gt; "Connection: Keep-Alive[\r][\n]"
14:21:32.092 [Forwarding findElement on session 9ff46c75-f860-4b6c-96bf-d1f3a31859fe to remote] DEBUG org.apache.http.wire - http-outgoing-95 &gt;&gt; "User-Agent: Apache-HttpClient/4.3.4 (java 1.5)[\r][\n]"
14:21:32.092 [Forwarding findElement on session 9ff46c75-f860-4b6c-96bf-d1f3a31859fe to remote] DEBUG org.apache.http.wire - http-outgoing-95 &gt;&gt; "Accept-Encoding: gzip,deflate[\r][\n]"
14:21:32.092 [Forwarding findElement on session 9ff46c75-f860-4b6c-96bf-d1f3a31859fe to remote] DEBUG org.apache.http.wire - http-outgoing-95 &gt;&gt; "[\r][\n]"
14:21:32.092 [Forwarding findElement on session 9ff46c75-f860-4b6c-96bf-d1f3a31859fe to remote] DEBUG org.apache.http.wire - http-outgoing-95 &gt;&gt; "{"using":"link text","value":"[0xe4][0xb8][0xbe][0xe6][0x89][0x8b][0xe6][0x8a][0x95][0xe7][0xa5][0xa8]"}"
14:21:32.264 [Forwarding findElement on session 9ff46c75-f860-4b6c-96bf-d1f3a31859fe to remote] DEBUG org.apache.http.wire - http-outgoing-95 &lt;&lt; "HTTP/1.1 200 OK[\r][\n]"
14:21:32.264 [Forwarding findElement on session 9ff46c75-f860-4b6c-96bf-d1f3a31859fe to remote] DEBUG org.apache.http.wire - http-outgoing-95 &lt;&lt; "content-type: application/json; charset=UTF-8[\r][\n]"
14:21:32.264 [Forwarding findElement on session 9ff46c75-f860-4b6c-96bf-d1f3a31859fe to remote] DEBUG org.apache.http.wire - http-outgoing-95 &lt;&lt; "connection: close[\r][\n]"
14:21:32.264 [Forwarding findElement on session 9ff46c75-f860-4b6c-96bf-d1f3a31859fe to remote] DEBUG org.apache.http.wire - http-outgoing-95 &lt;&lt; "content-length: 145[\r][\n]"
14:21:32.264 [Forwarding findElement on session 9ff46c75-f860-4b6c-96bf-d1f3a31859fe to remote] DEBUG org.apache.http.wire - http-outgoing-95 &lt;&lt; "server: httpd.js[\r][\n]"
14:21:32.264 [Forwarding findElement on session 9ff46c75-f860-4b6c-96bf-d1f3a31859fe to remote] DEBUG org.apache.http.wire - http-outgoing-95 &lt;&lt; "date: Thu, 04 Jun 2015 06:21:32 GMT[\r][\n]"
14:21:32.264 [Forwarding findElement on session 9ff46c75-f860-4b6c-96bf-d1f3a31859fe to remote] DEBUG org.apache.http.wire - http-outgoing-95 &lt;&lt; "[\r][\n]"
14:21:32.264 [Forwarding findElement on session 9ff46c75-f860-4b6c-96bf-d1f3a31859fe to remote] DEBUG org.apache.http.headers - http-outgoing-95 &lt;&lt; HTTP/1.1 200 OK
14:21:32.264 [Forwarding findElement on session 9ff46c75-f860-4b6c-96bf-d1f3a31859fe to remote] DEBUG org.apache.http.headers - http-outgoing-95 &lt;&lt; content-type: application/json; charset=UTF-8
14:21:32.264 [Forwarding findElement on session 9ff46c75-f860-4b6c-96bf-d1f3a31859fe to remote] DEBUG org.apache.http.headers - http-outgoing-95 &lt;&lt; connection: close
14:21:32.264 [Forwarding findElement on session 9ff46c75-f860-4b6c-96bf-d1f3a31859fe to remote] DEBUG org.apache.http.headers - http-outgoing-95 &lt;&lt; content-length: 145
14:21:32.264 [Forwarding findElement on session 9ff46c75-f860-4b6c-96bf-d1f3a31859fe to remote] DEBUG org.apache.http.headers - http-outgoing-95 &lt;&lt; server: httpd.js
14:21:32.264 [Forwarding findElement on session 9ff46c75-f860-4b6c-96bf-d1f3a31859fe to remote] DEBUG org.apache.http.headers - http-outgoing-95 &lt;&lt; date: Thu, 04 Jun 2015 06:21:32 GMT
14:21:32.269 [Forwarding findElement on session 9ff46c75-f860-4b6c-96bf-d1f3a31859fe to remote] DEBUG org.apache.http.wire - http-outgoing-95 &lt;&lt; "{"name":"findElement","sessionId":"9ff46c75-f860-4b6c-96bf-d1f3a31859fe","status":0,"value":{"ELEMENT":"{d97534c3-35a8-4fe8-8c2e-444ecc323039}"}}"
14:21:32.269 [Forwarding findElement on session 9ff46c75-f860-4b6c-96bf-d1f3a31859fe to remote] DEBUG o.a.h.i.c.DefaultManagedHttpClientConnection - http-outgoing-95: Shutdown connection
14:21:32.269 [Forwarding findElement on session 9ff46c75-f860-4b6c-96bf-d1f3a31859fe to remote] DEBUG o.a.h.impl.execchain.MainClientExec - Connection discarded
14:21:32.269 [Forwarding findElement on session 9ff46c75-f860-4b6c-96bf-d1f3a31859fe to remote] DEBUG o.a.h.i.c.DefaultManagedHttpClientConnection - http-outgoing-95: Close connection
14:21:32.269 [Forwarding findElement on session 9ff46c75-f860-4b6c-96bf-d1f3a31859fe to remote] DEBUG o.a.h.i.c.PoolingHttpClientConnectionManager - Connection released: [id: 95][route: {}-&gt;http://127.0.0.1:7055][total kept alive: 0; route allocated: 0 of 2000; total allocated: 0 of 2000]
true
14:21:32.271 [Forwarding findElement on session 9ff46c75-f860-4b6c-96bf-d1f3a31859fe to remote] DEBUG o.a.h.c.protocol.RequestAddCookies - CookieSpec selected: best-match
14:21:32.272 [Forwarding findElement on session 9ff46c75-f860-4b6c-96bf-d1f3a31859fe to remote] DEBUG o.a.h.c.protocol.RequestAuthCache - Auth cache not set in the context
14:21:32.272 [Forwarding findElement on session 9ff46c75-f860-4b6c-96bf-d1f3a31859fe to remote] DEBUG o.a.h.i.c.PoolingHttpClientConnectionManager - Connection request: [route: {}-&gt;http://127.0.0.1:7055][total kept alive: 0; route allocated: 0 of 2000; total allocated: 0 of 2000]
14:21:32.272 [Forwarding findElement on session 9ff46c75-f860-4b6c-96bf-d1f3a31859fe to remote] DEBUG o.a.h.i.c.PoolingHttpClientConnectionManager - Connection leased: [id: 96][route: {}-&gt;http://127.0.0.1:7055][total kept alive: 0; route allocated: 1 of 2000; total allocated: 1 of 2000]
14:21:32.272 [Forwarding findElement on session 9ff46c75-f860-4b6c-96bf-d1f3a31859fe to remote] DEBUG o.a.h.impl.execchain.MainClientExec - Opening connection {}-&gt;http://127.0.0.1:7055
14:21:32.272 [Forwarding findElement on session 9ff46c75-f860-4b6c-96bf-d1f3a31859fe to remote] DEBUG o.a.h.i.c.HttpClientConnectionOperator - Connecting to /127.0.0.1:7055
14:21:32.272 [Forwarding findElement on session 9ff46c75-f860-4b6c-96bf-d1f3a31859fe to remote] DEBUG o.a.h.i.c.HttpClientConnectionOperator - Connection established 127.0.0.1:59012&lt;-&gt;127.0.0.1:7055
14:21:32.273 [Forwarding findElement on session 9ff46c75-f860-4b6c-96bf-d1f3a31859fe to remote] DEBUG o.a.h.impl.execchain.MainClientExec - Executing request POST /hub/session/9ff46c75-f860-4b6c-96bf-d1f3a31859fe/element HTTP/1.1
14:21:32.273 [Forwarding findElement on session 9ff46c75-f860-4b6c-96bf-d1f3a31859fe to remote] DEBUG o.a.h.impl.execchain.MainClientExec - Target auth state: UNCHALLENGED
14:21:32.273 [Forwarding findElement on session 9ff46c75-f860-4b6c-96bf-d1f3a31859fe to remote] DEBUG o.a.h.impl.execchain.MainClientExec - Proxy auth state: UNCHALLENGED
14:21:32.273 [Forwarding findElement on session 9ff46c75-f860-4b6c-96bf-d1f3a31859fe to remote] DEBUG org.apache.http.headers - http-outgoing-96 &gt;&gt; POST /hub/session/9ff46c75-f860-4b6c-96bf-d1f3a31859fe/element HTTP/1.1
14:21:32.273 [Forwarding findElement on session 9ff46c75-f860-4b6c-96bf-d1f3a31859fe to remote] DEBUG org.apache.http.headers - http-outgoing-96 &gt;&gt; Content-Type: application/json; charset=utf-8
14:21:32.273 [Forwarding findElement on session 9ff46c75-f860-4b6c-96bf-d1f3a31859fe to remote] DEBUG org.apache.http.headers - http-outgoing-96 &gt;&gt; Content-Length: 44
14:21:32.273 [Forwarding findElement on session 9ff46c75-f860-4b6c-96bf-d1f3a31859fe to remote] DEBUG org.apache.http.headers - http-outgoing-96 &gt;&gt; Host: 127.0.0.1:7055
14:21:32.273 [Forwarding findElement on session 9ff46c75-f860-4b6c-96bf-d1f3a31859fe to remote] DEBUG org.apache.http.headers - http-outgoing-96 &gt;&gt; Connection: Keep-Alive
14:21:32.273 [Forwarding findElement on session 9ff46c75-f860-4b6c-96bf-d1f3a31859fe to remote] DEBUG org.apache.http.headers - http-outgoing-96 &gt;&gt; User-Agent: Apache-HttpClient/4.3.4 (java 1.5)
14:21:32.274 [Forwarding findElement on session 9ff46c75-f860-4b6c-96bf-d1f3a31859fe to remote] DEBUG org.apache.http.headers - http-outgoing-96 &gt;&gt; Accept-Encoding: gzip,deflate
14:21:32.274 [Forwarding findElement on session 9ff46c75-f860-4b6c-96bf-d1f3a31859fe to remote] DEBUG org.apache.http.wire - http-outgoing-96 &gt;&gt; "POST /hub/session/9ff46c75-f860-4b6c-96bf-d1f3a31859fe/element HTTP/1.1[\r][\n]"
14:21:32.274 [Forwarding findElement on session 9ff46c75-f860-4b6c-96bf-d1f3a31859fe to remote] DEBUG org.apache.http.wire - http-outgoing-96 &gt;&gt; "Content-Type: application/json; charset=utf-8[\r][\n]"
14:21:32.274 [Forwarding findElement on session 9ff46c75-f860-4b6c-96bf-d1f3a31859fe to remote] DEBUG org.apache.http.wire - http-outgoing-96 &gt;&gt; "Content-Length: 44[\r][\n]"
14:21:32.274 [Forwarding findElement on session 9ff46c75-f860-4b6c-96bf-d1f3a31859fe to remote] DEBUG org.apache.http.wire - http-outgoing-96 &gt;&gt; "Host: 127.0.0.1:7055[\r][\n]"
14:21:32.274 [Forwarding findElement on session 9ff46c75-f860-4b6c-96bf-d1f3a31859fe to remote] DEBUG org.apache.http.wire - http-outgoing-96 &gt;&gt; "Connection: Keep-Alive[\r][\n]"
14:21:32.274 [Forwarding findElement on session 9ff46c75-f860-4b6c-96bf-d1f3a31859fe to remote] DEBUG org.apache.http.wire - http-outgoing-96 &gt;&gt; "User-Agent: Apache-HttpClient/4.3.4 (java 1.5)[\r][\n]"
14:21:32.274 [Forwarding findElement on session 9ff46c75-f860-4b6c-96bf-d1f3a31859fe to remote] DEBUG org.apache.http.wire - http-outgoing-96 &gt;&gt; "Accept-Encoding: gzip,deflate[\r][\n]"
14:21:32.274 [Forwarding findElement on session 9ff46c75-f860-4b6c-96bf-d1f3a31859fe to remote] DEBUG org.apache.http.wire - http-outgoing-96 &gt;&gt; "[\r][\n]"
14:21:32.274 [Forwarding findElement on session 9ff46c75-f860-4b6c-96bf-d1f3a31859fe to remote] DEBUG org.apache.http.wire - http-outgoing-96 &gt;&gt; "{"using":"link text","value":"[0xe4][0xb8][0xbe][0xe6][0x89][0x8b][0xe6][0x8a][0x95][0xe7][0xa5][0xa8]"}"
14:21:32.602 [Forwarding findElement on session 9ff46c75-f860-4b6c-96bf-d1f3a31859fe to remote] DEBUG org.apache.http.wire - http-outgoing-96 &lt;&lt; "HTTP/1.1 200 OK[\r][\n]"
14:21:32.602 [Forwarding findElement on session 9ff46c75-f860-4b6c-96bf-d1f3a31859fe to remote] DEBUG org.apache.http.wire - http-outgoing-96 &lt;&lt; "content-type: application/json; charset=UTF-8[\r][\n]"
14:21:32.602 [Forwarding findElement on session 9ff46c75-f860-4b6c-96bf-d1f3a31859fe to remote] DEBUG org.apache.http.wire - http-outgoing-96 &lt;&lt; "connection: close[\r][\n]"
14:21:32.602 [Forwarding findElement on session 9ff46c75-f860-4b6c-96bf-d1f3a31859fe to remote] DEBUG org.apache.http.wire - http-outgoing-96 &lt;&lt; "content-length: 145[\r][\n]"
14:21:32.602 [Forwarding findElement on session 9ff46c75-f860-4b6c-96bf-d1f3a31859fe to remote] DEBUG org.apache.http.wire - http-outgoing-96 &lt;&lt; "server: httpd.js[\r][\n]"
14:21:32.602 [Forwarding findElement on session 9ff46c75-f860-4b6c-96bf-d1f3a31859fe to remote] DEBUG org.apache.http.wire - http-outgoing-96 &lt;&lt; "date: Thu, 04 Jun 2015 06:21:32 GMT[\r][\n]"
14:21:32.603 [Forwarding findElement on session 9ff46c75-f860-4b6c-96bf-d1f3a31859fe to remote] DEBUG org.apache.http.wire - http-outgoing-96 &lt;&lt; "[\r][\n]"
14:21:32.603 [Forwarding findElement on session 9ff46c75-f860-4b6c-96bf-d1f3a31859fe to remote] DEBUG org.apache.http.headers - http-outgoing-96 &lt;&lt; HTTP/1.1 200 OK
14:21:32.603 [Forwarding findElement on session 9ff46c75-f860-4b6c-96bf-d1f3a31859fe to remote] DEBUG org.apache.http.headers - http-outgoing-96 &lt;&lt; content-type: application/json; charset=UTF-8
14:21:32.603 [Forwarding findElement on session 9ff46c75-f860-4b6c-96bf-d1f3a31859fe to remote] DEBUG org.apache.http.headers - http-outgoing-96 &lt;&lt; connection: close
14:21:32.603 [Forwarding findElement on session 9ff46c75-f860-4b6c-96bf-d1f3a31859fe to remote] DEBUG org.apache.http.headers - http-outgoing-96 &lt;&lt; content-length: 145
14:21:32.603 [Forwarding findElement on session 9ff46c75-f860-4b6c-96bf-d1f3a31859fe to remote] DEBUG org.apache.http.headers - http-outgoing-96 &lt;&lt; server: httpd.js
14:21:32.603 [Forwarding findElement on session 9ff46c75-f860-4b6c-96bf-d1f3a31859fe to remote] DEBUG org.apache.http.headers - http-outgoing-96 &lt;&lt; date: Thu, 04 Jun 2015 06:21:32 GMT
14:21:32.605 [Forwarding findElement on session 9ff46c75-f860-4b6c-96bf-d1f3a31859fe to remote] DEBUG org.apache.http.wire - http-outgoing-96 &lt;&lt; "{"name":"findElement","sessionId":"9ff46c75-f860-4b6c-96bf-d1f3a31859fe","status":0,"value":{"ELEMENT":"{d97534c3-35a8-4fe8-8c2e-444ecc323039}"}}"
14:21:32.606 [Forwarding findElement on session 9ff46c75-f860-4b6c-96bf-d1f3a31859fe to remote] DEBUG o.a.h.i.c.DefaultManagedHttpClientConnection - http-outgoing-96: Shutdown connection
14:21:32.606 [Forwarding findElement on session 9ff46c75-f860-4b6c-96bf-d1f3a31859fe to remote] DEBUG o.a.h.impl.execchain.MainClientExec - Connection discarded
14:21:32.606 [Forwarding findElement on session 9ff46c75-f860-4b6c-96bf-d1f3a31859fe to remote] DEBUG o.a.h.i.c.DefaultManagedHttpClientConnection - http-outgoing-96: Close connection
14:21:32.606 [Forwarding findElement on session 9ff46c75-f860-4b6c-96bf-d1f3a31859fe to remote] DEBUG o.a.h.i.c.PoolingHttpClientConnectionManager - Connection released: [id: 96][route: {}-&gt;http://127.0.0.1:7055][total kept alive: 0; route allocated: 0 of 2000; total allocated: 0 of 2000]
14:21:32.607 [Forwarding findElement on session 9ff46c75-f860-4b6c-96bf-d1f3a31859fe to remote] DEBUG o.a.h.c.protocol.RequestAddCookies - CookieSpec selected: best-match
14:21:32.608 [Forwarding findElement on session 9ff46c75-f860-4b6c-96bf-d1f3a31859fe to remote] DEBUG o.a.h.c.protocol.RequestAuthCache - Auth cache not set in the context
14:21:32.608 [Forwarding findElement on session 9ff46c75-f860-4b6c-96bf-d1f3a31859fe to remote] DEBUG o.a.h.i.c.PoolingHttpClientConnectionManager - Connection request: [route: {}-&gt;http://127.0.0.1:7055][total kept alive: 0; route allocated: 0 of 2000; total allocated: 0 of 2000]
14:21:32.608 [Forwarding findElement on session 9ff46c75-f860-4b6c-96bf-d1f3a31859fe to remote] DEBUG o.a.h.i.c.PoolingHttpClientConnectionManager - Connection leased: [id: 97][route: {}-&gt;http://127.0.0.1:7055][total kept alive: 0; route allocated: 1 of 2000; total allocated: 1 of 2000]
14:21:32.608 [Forwarding findElement on session 9ff46c75-f860-4b6c-96bf-d1f3a31859fe to remote] DEBUG o.a.h.impl.execchain.MainClientExec - Opening connection {}-&gt;http://127.0.0.1:7055
14:21:32.608 [Forwarding findElement on session 9ff46c75-f860-4b6c-96bf-d1f3a31859fe to remote] DEBUG o.a.h.i.c.HttpClientConnectionOperator - Connecting to /127.0.0.1:7055
14:21:32.609 [Forwarding findElement on session 9ff46c75-f860-4b6c-96bf-d1f3a31859fe to remote] DEBUG o.a.h.i.c.HttpClientConnectionOperator - Connection established 127.0.0.1:59013&lt;-&gt;127.0.0.1:7055
14:21:32.609 [Forwarding findElement on session 9ff46c75-f860-4b6c-96bf-d1f3a31859fe to remote] DEBUG o.a.h.impl.execchain.MainClientExec - Executing request POST /hub/session/9ff46c75-f860-4b6c-96bf-d1f3a31859fe/element HTTP/1.1
14:21:32.609 [Forwarding findElement on session 9ff46c75-f860-4b6c-96bf-d1f3a31859fe to remote] DEBUG o.a.h.impl.execchain.MainClientExec - Target auth state: UNCHALLENGED
14:21:32.609 [Forwarding findElement on session 9ff46c75-f860-4b6c-96bf-d1f3a31859fe to remote] DEBUG o.a.h.impl.execchain.MainClientExec - Proxy auth state: UNCHALLENGED
14:21:32.609 [Forwarding findElement on session 9ff46c75-f860-4b6c-96bf-d1f3a31859fe to remote] DEBUG org.apache.http.headers - http-outgoing-97 &gt;&gt; POST /hub/session/9ff46c75-f860-4b6c-96bf-d1f3a31859fe/element HTTP/1.1
14:21:32.609 [Forwarding findElement on session 9ff46c75-f860-4b6c-96bf-d1f3a31859fe to remote] DEBUG org.apache.http.headers - http-outgoing-97 &gt;&gt; Content-Type: application/json; charset=utf-8
14:21:32.609 [Forwarding findElement on session 9ff46c75-f860-4b6c-96bf-d1f3a31859fe to remote] DEBUG org.apache.http.headers - http-outgoing-97 &gt;&gt; Content-Length: 44
14:21:32.609 [Forwarding findElement on session 9ff46c75-f860-4b6c-96bf-d1f3a31859fe to remote] DEBUG org.apache.http.headers - http-outgoing-97 &gt;&gt; Host: 127.0.0.1:7055
14:21:32.610 [Forwarding findElement on session 9ff46c75-f860-4b6c-96bf-d1f3a31859fe to remote] DEBUG org.apache.http.headers - http-outgoing-97 &gt;&gt; Connection: Keep-Alive
14:21:32.610 [Forwarding findElement on session 9ff46c75-f860-4b6c-96bf-d1f3a31859fe to remote] DEBUG org.apache.http.headers - http-outgoing-97 &gt;&gt; User-Agent: Apache-HttpClient/4.3.4 (java 1.5)
14:21:32.610 [Forwarding findElement on session 9ff46c75-f860-4b6c-96bf-d1f3a31859fe to remote] DEBUG org.apache.http.headers - http-outgoing-97 &gt;&gt; Accept-Encoding: gzip,deflate
14:21:32.610 [Forwarding findElement on session 9ff46c75-f860-4b6c-96bf-d1f3a31859fe to remote] DEBUG org.apache.http.wire - http-outgoing-97 &gt;&gt; "POST /hub/session/9ff46c75-f860-4b6c-96bf-d1f3a31859fe/element HTTP/1.1[\r][\n]"
14:21:32.610 [Forwarding findElement on session 9ff46c75-f860-4b6c-96bf-d1f3a31859fe to remote] DEBUG org.apache.http.wire - http-outgoing-97 &gt;&gt; "Content-Type: application/json; charset=utf-8[\r][\n]"
14:21:32.610 [Forwarding findElement on session 9ff46c75-f860-4b6c-96bf-d1f3a31859fe to remote] DEBUG org.apache.http.wire - http-outgoing-97 &gt;&gt; "Content-Length: 44[\r][\n]"
14:21:32.610 [Forwarding findElement on session 9ff46c75-f860-4b6c-96bf-d1f3a31859fe to remote] DEBUG org.apache.http.wire - http-outgoing-97 &gt;&gt; "Host: 127.0.0.1:7055[\r][\n]"
14:21:32.610 [Forwarding findElement on session 9ff46c75-f860-4b6c-96bf-d1f3a31859fe to remote] DEBUG org.apache.http.wire - http-outgoing-97 &gt;&gt; "Connection: Keep-Alive[\r][\n]"
14:21:32.610 [Forwarding findElement on session 9ff46c75-f860-4b6c-96bf-d1f3a31859fe to remote] DEBUG org.apache.http.wire - http-outgoing-97 &gt;&gt; "User-Agent: Apache-HttpClient/4.3.4 (java 1.5)[\r][\n]"
14:21:32.611 [Forwarding findElement on session 9ff46c75-f860-4b6c-96bf-d1f3a31859fe to remote] DEBUG org.apache.http.wire - http-outgoing-97 &gt;&gt; "Accept-Encoding: gzip,deflate[\r][\n]"
14:21:32.611 [Forwarding findElement on session 9ff46c75-f860-4b6c-96bf-d1f3a31859fe to remote] DEBUG org.apache.http.wire - http-outgoing-97 &gt;&gt; "[\r][\n]"
14:21:32.611 [Forwarding findElement on session 9ff46c75-f860-4b6c-96bf-d1f3a31859fe to remote] DEBUG org.apache.http.wire - http-outgoing-97 &gt;&gt; "{"using":"link text","value":"[0xe4][0xb8][0xbe][0xe6][0x89][0x8b][0xe6][0x8a][0x95][0xe7][0xa5][0xa8]"}"
14:21:32.783 [Forwarding findElement on session 9ff46c75-f860-4b6c-96bf-d1f3a31859fe to remote] DEBUG org.apache.http.wire - http-outgoing-97 &lt;&lt; "HTTP/1.1 200 OK[\r][\n]"
14:21:32.783 [Forwarding findElement on session 9ff46c75-f860-4b6c-96bf-d1f3a31859fe to remote] DEBUG org.apache.http.wire - http-outgoing-97 &lt;&lt; "content-type: application/json; charset=UTF-8[\r][\n]"
[...]
14:21:37.449 [Forwarding findElement on session 9ff46c75-f860-4b6c-96bf-d1f3a31859fe to remote] DEBUG o.a.h.impl.execchain.MainClientExec - Connection discarded
14:21:37.449 [Forwarding findElement on session 9ff46c75-f860-4b6c-96bf-d1f3a31859fe to remote] DEBUG o.a.h.i.c.DefaultManagedHttpClientConnection - http-outgoing-129: Close connection
14:21:37.449 [Forwarding findElement on session 9ff46c75-f860-4b6c-96bf-d1f3a31859fe to remote] DEBUG o.a.h.i.c.PoolingHttpClientConnectionManager - Connection released: [id: 129][route: {}-&gt;http://127.0.0.1:7055][total kept alive: 0; route allocated: 0 of 2000; total allocated: 0 of 2000]
14:21:37.455 [Forwarding findElement on session 9ff46c75-f860-4b6c-96bf-d1f3a31859fe to remote] DEBUG o.a.h.c.protocol.RequestAddCookies - CookieSpec selected: best-match
14:21:37.455 [Forwarding findElement on session 9ff46c75-f860-4b6c-96bf-d1f3a31859fe to remote] DEBUG o.a.h.c.protocol.RequestAuthCache - Auth cache not set in the context
14:21:37.455 [Forwarding findElement on session 9ff46c75-f860-4b6c-96bf-d1f3a31859fe to remote] DEBUG o.a.h.i.c.PoolingHttpClientConnectionManager - Connection request: [route: {}-&gt;http://127.0.0.1:7055][total kept alive: 0; route allocated: 0 of 2000; total allocated: 0 of 2000]
14:21:37.455 [Forwarding findElement on session 9ff46c75-f860-4b6c-96bf-d1f3a31859fe to remote] DEBUG o.a.h.i.c.PoolingHttpClientConnectionManager - Connection leased: [id: 130][route: {}-&gt;http://127.0.0.1:7055][total kept alive: 0; route allocated: 1 of 2000; total allocated: 1 of 2000]
14:21:37.455 [Forwarding findElement on session 9ff46c75-f860-4b6c-96bf-d1f3a31859fe to remote] DEBUG o.a.h.impl.execchain.MainClientExec - Opening connection {}-&gt;http://127.0.0.1:7055
14:21:37.456 [Forwarding findElement on session 9ff46c75-f860-4b6c-96bf-d1f3a31859fe to remote] DEBUG o.a.h.i.c.HttpClientConnectionOperator - Connecting to /127.0.0.1:7055
14:21:37.456 [Forwarding findElement on session 9ff46c75-f860-4b6c-96bf-d1f3a31859fe to remote] DEBUG o.a.h.i.c.HttpClientConnectionOperator - Connection established 127.0.0.1:59046&lt;-&gt;127.0.0.1:7055
14:21:37.456 [Forwarding findElement on session 9ff46c75-f860-4b6c-96bf-d1f3a31859fe to remote] DEBUG o.a.h.impl.execchain.MainClientExec - Executing request POST /hub/session/9ff46c75-f860-4b6c-96bf-d1f3a31859fe/element HTTP/1.1
14:21:37.456 [Forwarding findElement on session 9ff46c75-f860-4b6c-96bf-d1f3a31859fe to remote] DEBUG o.a.h.impl.execchain.MainClientExec - Target auth state: UNCHALLENGED
14:21:37.456 [Forwarding findElement on session 9ff46c75-f860-4b6c-96bf-d1f3a31859fe to remote] DEBUG o.a.h.impl.execchain.MainClientExec - Proxy auth state: UNCHALLENGED
14:21:37.456 [Forwarding findElement on session 9ff46c75-f860-4b6c-96bf-d1f3a31859fe to remote] DEBUG org.apache.http.headers - http-outgoing-130 &gt;&gt; POST /hub/session/9ff46c75-f860-4b6c-96bf-d1f3a31859fe/element HTTP/1.1
14:21:37.456 [Forwarding findElement on session 9ff46c75-f860-4b6c-96bf-d1f3a31859fe to remote] DEBUG org.apache.http.headers - http-outgoing-130 &gt;&gt; Content-Type: application/json; charset=utf-8
14:21:37.456 [Forwarding findElement on session 9ff46c75-f860-4b6c-96bf-d1f3a31859fe to remote] DEBUG org.apache.http.headers - http-outgoing-130 &gt;&gt; Content-Length: 104
14:21:37.456 [Forwarding findElement on session 9ff46c75-f860-4b6c-96bf-d1f3a31859fe to remote] DEBUG org.apache.http.headers - http-outgoing-130 &gt;&gt; Host: 127.0.0.1:7055
14:21:37.457 [Forwarding findElement on session 9ff46c75-f860-4b6c-96bf-d1f3a31859fe to remote] DEBUG org.apache.http.headers - http-outgoing-130 &gt;&gt; Connection: Keep-Alive
14:21:37.457 [Forwarding findElement on session 9ff46c75-f860-4b6c-96bf-d1f3a31859fe to remote] DEBUG org.apache.http.headers - http-outgoing-130 &gt;&gt; User-Agent: Apache-HttpClient/4.3.4 (java 1.5)
14:21:37.457 [Forwarding findElement on session 9ff46c75-f860-4b6c-96bf-d1f3a31859fe to remote] DEBUG org.apache.http.headers - http-outgoing-130 &gt;&gt; Accept-Encoding: gzip,deflate
14:21:37.457 [Forwarding findElement on session 9ff46c75-f860-4b6c-96bf-d1f3a31859fe to remote] DEBUG org.apache.http.wire - http-outgoing-130 &gt;&gt; "POST /hub/session/9ff46c75-f860-4b6c-96bf-d1f3a31859fe/element HTTP/1.1[\r][\n]"
14:21:37.457 [Forwarding findElement on session 9ff46c75-f860-4b6c-96bf-d1f3a31859fe to remote] DEBUG org.apache.http.wire - http-outgoing-130 &gt;&gt; "Content-Type: application/json; charset=utf-8[\r][\n]"
14:21:37.457 [Forwarding findElement on session 9ff46c75-f860-4b6c-96bf-d1f3a31859fe to remote] DEBUG org.apache.http.wire - http-outgoing-130 &gt;&gt; "Content-Length: 104[\r][\n]"
14:21:37.457 [Forwarding findElement on session 9ff46c75-f860-4b6c-96bf-d1f3a31859fe to remote] DEBUG org.apache.http.wire - http-outgoing-130 &gt;&gt; "Host: 127.0.0.1:7055[\r][\n]"
14:21:37.457 [Forwarding findElement on session 9ff46c75-f860-4b6c-96bf-d1f3a31859fe to remote] DEBUG org.apache.http.wire - http-outgoing-130 &gt;&gt; "Connection: Keep-Alive[\r][\n]"
14:21:37.457 [Forwarding findElement on session 9ff46c75-f860-4b6c-96bf-d1f3a31859fe to remote] DEBUG org.apache.http.wire - http-outgoing-130 &gt;&gt; "User-Agent: Apache-HttpClient/4.3.4 (java 1.5)[\r][\n]"
14:21:37.457 [Forwarding findElement on session 9ff46c75-f860-4b6c-96bf-d1f3a31859fe to remote] DEBUG org.apache.http.wire - http-outgoing-130 &gt;&gt; "Accept-Encoding: gzip,deflate[\r][\n]"
14:21:37.457 [Forwarding findElement on session 9ff46c75-f860-4b6c-96bf-d1f3a31859fe to remote] DEBUG org.apache.http.wire - http-outgoing-130 &gt;&gt; "[\r][\n]"
14:21:37.457 [Forwarding findElement on session 9ff46c75-f860-4b6c-96bf-d1f3a31859fe to remote] DEBUG org.apache.http.wire - http-outgoing-130 &gt;&gt; "{"using":"xpath","value":".//*[@id\u003d\u0027popupDiv\u0027]/div/div[1]/table/tbody/tr[1]/td[2]/input"}"
14:21:37.514 [Forwarding findElement on session 9ff46c75-f860-4b6c-96bf-d1f3a31859fe to remote] DEBUG org.apache.http.wire - http-outgoing-130 &lt;&lt; "HTTP/1.1 200 OK[\r][\n]"
14:21:37.514 [Forwarding findElement on session 9ff46c75-f860-4b6c-96bf-d1f3a31859fe to remote] DEBUG org.apache.http.wire - http-outgoing-130 &lt;&lt; "content-type: application/json; charset=UTF-8[\r][\n]"
14:21:37.514 [Forwarding findElement on session 9ff46c75-f860-4b6c-96bf-d1f3a31859fe to remote] DEBUG org.apache.http.wire - http-outgoing-130 &lt;&lt; "connection: close[\r][\n]"
14:21:37.514 [Forwarding findElement on session 9ff46c75-f860-4b6c-96bf-d1f3a31859fe to remote] DEBUG org.apache.http.wire - http-outgoing-130 &lt;&lt; "content-length: 145[\r][\n]"
14:21:37.514 [Forwarding findElement on session 9ff46c75-f860-4b6c-96bf-d1f3a31859fe to remote] DEBUG org.apache.http.wire - http-outgoing-130 &lt;&lt; "server: httpd.js[\r][\n]"
14:21:37.514 [Forwarding findElement on session 9ff46c75-f860-4b6c-96bf-d1f3a31859fe to remote] DEBUG org.apache.http.wire - http-outgoing-130 &lt;&lt; "date: Thu, 04 Jun 2015 06:21:37 GMT[\r][\n]"
14:21:37.514 [Forwarding findElement on session 9ff46c75-f860-4b6c-96bf-d1f3a31859fe to remote] DEBUG org.apache.http.wire - http-outgoing-130 &lt;&lt; "[\r][\n]"
14:21:37.514 [Forwarding findElement on session 9ff46c75-f860-4b6c-96bf-d1f3a31859fe to remote] DEBUG org.apache.http.headers - http-outgoing-130 &lt;&lt; HTTP/1.1 200 OK
14:21:37.514 [Forwarding findElement on session 9ff46c75-f860-4b6c-96bf-d1f3a31859fe to remote] DEBUG org.apache.http.headers - http-outgoing-130 &lt;&lt; content-type: application/json; charset=UTF-8
14:21:37.514 [Forwarding findElement on session 9ff46c75-f860-4b6c-96bf-d1f3a31859fe to remote] DEBUG org.apache.http.headers - http-outgoing-130 &lt;&lt; connection: close
14:21:37.514 [Forwarding findElement on session 9ff46c75-f860-4b6c-96bf-d1f3a31859fe to remote] DEBUG org.apache.http.headers - http-outgoing-130 &lt;&lt; content-length: 145
14:21:37.514 [Forwarding findElement on session 9ff46c75-f860-4b6c-96bf-d1f3a31859fe to remote] DEBUG org.apache.http.headers - http-outgoing-130 &lt;&lt; server: httpd.js
14:21:37.514 [Forwarding findElement on session 9ff46c75-f860-4b6c-96bf-d1f3a31859fe to remote] DEBUG org.apache.http.headers - http-outgoing-130 &lt;&lt; date: Thu, 04 Jun 2015 06:21:37 GMT
14:21:37.515 [Forwarding findElement on session 9ff46c75-f860-4b6c-96bf-d1f3a31859fe to remote] DEBUG org.apache.http.wire - http-outgoing-130 &lt;&lt; "{"name":"findElement","sessionId":"9ff46c75-f860-4b6c-96bf-d1f3a31859fe","status":0,"value":{"ELEMENT":"{0916aaf3-323e-4d5d-9b46-b7b82152765f}"}}"
14:21:37.515 [Forwarding findElement on session 9ff46c75-f860-4b6c-96bf-d1f3a31859fe to remote] DEBUG o.a.h.i.c.DefaultManagedHttpClientConnection - http-outgoing-130: Shutdown connection
14:21:37.515 [Forwarding findElement on session 9ff46c75-f860-4b6c-96bf-d1f3a31859fe to remote] DEBUG o.a.h.impl.execchain.MainClientExec - Connection discarded
14:21:37.515 [Forwarding findElement on session 9ff46c75-f860-4b6c-96bf-d1f3a31859fe to remote] DEBUG o.a.h.i.c.DefaultManagedHttpClientConnection - http-outgoing-130: Close connection
14:21:37.515 [Forwarding findElement on session 9ff46c75-f860-4b6c-96bf-d1f3a31859fe to remote] DEBUG o.a.h.i.c.PoolingHttpClientConnectionManager - Connection released: [id: 130][route: {}-&gt;http://127.0.0.1:7055][total kept alive: 0; route allocated: 0 of 2000; total allocated: 0 of 2000]
14:21:37.517 [Forwarding sendKeysToElement on session 9ff46c75-f860-4b6c-96bf-d1f3a31859fe to remote] DEBUG o.a.h.c.protocol.RequestAddCookies - CookieSpec selected: best-match
14:21:37.517 [Forwarding sendKeysToElement on session 9ff46c75-f860-4b6c-96bf-d1f3a31859fe to remote] DEBUG o.a.h.c.protocol.RequestAuthCache - Auth cache not set in the context
14:21:37.517 [Forwarding sendKeysToElement on session 9ff46c75-f860-4b6c-96bf-d1f3a31859fe to remote] DEBUG o.a.h.i.c.PoolingHttpClientConnectionManager - Connection request: [route: {}-&gt;http://127.0.0.1:7055][total kept alive: 0; route allocated: 0 of 2000; total allocated: 0 of 2000]
14:21:37.517 [Forwarding sendKeysToElement on session 9ff46c75-f860-4b6c-96bf-d1f3a31859fe to remote] DEBUG o.a.h.i.c.PoolingHttpClientConnectionManager - Connection leased: [id: 131][route: {}-&gt;http://127.0.0.1:7055][total kept alive: 0; route allocated: 1 of 2000; total allocated: 1 of 2000]
14:21:37.517 [Forwarding sendKeysToElement on session 9ff46c75-f860-4b6c-96bf-d1f3a31859fe to remote] DEBUG o.a.h.impl.execchain.MainClientExec - Opening connection {}-&gt;http://127.0.0.1:7055
14:21:37.517 [Forwarding sendKeysToElement on session 9ff46c75-f860-4b6c-96bf-d1f3a31859fe to remote] DEBUG o.a.h.i.c.HttpClientConnectionOperator - Connecting to /127.0.0.1:7055
14:21:37.518 [Forwarding sendKeysToElement on session 9ff46c75-f860-4b6c-96bf-d1f3a31859fe to remote] DEBUG o.a.h.i.c.HttpClientConnectionOperator - Connection established 127.0.0.1:59047&lt;-&gt;127.0.0.1:7055
14:21:37.518 [Forwarding sendKeysToElement on session 9ff46c75-f860-4b6c-96bf-d1f3a31859fe to remote] DEBUG o.a.h.impl.execchain.MainClientExec - Executing request POST /hub/session/9ff46c75-f860-4b6c-96bf-d1f3a31859fe/element/%7B0916aaf3-323e-4d5d-9b46-b7b82152765f%7D/value HTTP/1.1
14:21:37.518 [Forwarding sendKeysToElement on session 9ff46c75-f860-4b6c-96bf-d1f3a31859fe to remote] DEBUG o.a.h.impl.execchain.MainClientExec - Target auth state: UNCHALLENGED
14:21:37.518 [Forwarding sendKeysToElement on session 9ff46c75-f860-4b6c-96bf-d1f3a31859fe to remote] DEBUG o.a.h.impl.execchain.MainClientExec - Proxy auth state: UNCHALLENGED
14:21:37.518 [Forwarding sendKeysToElement on session 9ff46c75-f860-4b6c-96bf-d1f3a31859fe to remote] DEBUG org.apache.http.headers - http-outgoing-131 &gt;&gt; POST /hub/session/9ff46c75-f860-4b6c-96bf-d1f3a31859fe/element/%7B0916aaf3-323e-4d5d-9b46-b7b82152765f%7D/value HTTP/1.1
14:21:37.518 [Forwarding sendKeysToElement on session 9ff46c75-f860-4b6c-96bf-d1f3a31859fe to remote] DEBUG org.apache.http.headers - http-outgoing-131 &gt;&gt; Content-Type: application/json; charset=utf-8
14:21:37.518 [Forwarding sendKeysToElement on session 9ff46c75-f860-4b6c-96bf-d1f3a31859fe to remote] DEBUG org.apache.http.headers - http-outgoing-131 &gt;&gt; Content-Length: 90
14:21:37.518 [Forwarding sendKeysToElement on session 9ff46c75-f860-4b6c-96bf-d1f3a31859fe to remote] DEBUG org.apache.http.headers - http-outgoing-131 &gt;&gt; Host: 127.0.0.1:7055
14:21:37.518 [Forwarding sendKeysToElement on session 9ff46c75-f860-4b6c-96bf-d1f3a31859fe to remote] DEBUG org.apache.http.headers - http-outgoing-131 &gt;&gt; Connection: Keep-Alive
14:21:37.518 [Forwarding sendKeysToElement on session 9ff46c75-f860-4b6c-96bf-d1f3a31859fe to remote] DEBUG org.apache.http.headers - http-outgoing-131 &gt;&gt; User-Agent: Apache-HttpClient/4.3.4 (java 1.5)
14:21:37.518 [Forwarding sendKeysToElement on session 9ff46c75-f860-4b6c-96bf-d1f3a31859fe to remote] DEBUG org.apache.http.headers - http-outgoing-131 &gt;&gt; Accept-Encoding: gzip,deflate
14:21:37.518 [Forwarding sendKeysToElement on session 9ff46c75-f860-4b6c-96bf-d1f3a31859fe to remote] DEBUG org.apache.http.wire - http-outgoing-131 &gt;&gt; "POST /hub/session/9ff46c75-f860-4b6c-96bf-d1f3a31859fe/element/%7B0916aaf3-323e-4d5d-9b46-b7b82152765f%7D/value HTTP/1.1[\r][\n]"
14:21:37.518 [Forwarding sendKeysToElement on session 9ff46c75-f860-4b6c-96bf-d1f3a31859fe to remote] DEBUG org.apache.http.wire - http-outgoing-131 &gt;&gt; "Content-Type: application/json; charset=utf-8[\r][\n]"
14:21:37.518 [Forwarding sendKeysToElement on session 9ff46c75-f860-4b6c-96bf-d1f3a31859fe to remote] DEBUG org.apache.http.wire - http-outgoing-131 &gt;&gt; "Content-Length: 90[\r][\n]"
14:21:37.518 [Forwarding sendKeysToElement on session 9ff46c75-f860-4b6c-96bf-d1f3a31859fe to remote] DEBUG org.apache.http.wire - http-outgoing-131 &gt;&gt; "Host: 127.0.0.1:7055[\r][\n]"
14:21:37.518 [Forwarding sendKeysToElement on session 9ff46c75-f860-4b6c-96bf-d1f3a31859fe to remote] DEBUG org.apache.http.wire - http-outgoing-131 &gt;&gt; "Connection: Keep-Alive[\r][\n]"
14:21:37.519 [Forwarding sendKeysToElement on session 9ff46c75-f860-4b6c-96bf-d1f3a31859fe to remote] DEBUG org.apache.http.wire - http-outgoing-131 &gt;&gt; "User-Agent: Apache-HttpClient/4.3.4 (java 1.5)[\r][\n]"
14:21:37.519 [Forwarding sendKeysToElement on session 9ff46c75-f860-4b6c-96bf-d1f3a31859fe to remote] DEBUG org.apache.http.wire - http-outgoing-131 &gt;&gt; "Accept-Encoding: gzip,deflate[\r][\n]"
14:21:37.519 [Forwarding sendKeysToElement on session 9ff46c75-f860-4b6c-96bf-d1f3a31859fe to remote] DEBUG org.apache.http.wire - http-outgoing-131 &gt;&gt; "[\r][\n]"
14:21:37.519 [Forwarding sendKeysToElement on session 9ff46c75-f860-4b6c-96bf-d1f3a31859fe to remote] DEBUG org.apache.http.wire - http-outgoing-131 &gt;&gt; "{"id":"{0916aaf3-323e-4d5d-9b46-b7b82152765f}","value":["[0xe6][0x9c][0x80][0xe5][0x96][0x9c][0xe6][0xac][0xa2][0xe7][0x9a][0x84][0xe5][0xa5][0xb3][0xe8][0x80][0x81][0xe5][0xb8][0x88][0xe6][0x98][0xaf][0xe8][0xb0][0x81][0xef][0xbc][0x9f]"]}"
14:21:57.616 [Forwarding sendKeysToElement on session 9ff46c75-f860-4b6c-96bf-d1f3a31859fe to remote] DEBUG org.apache.http.wire - http-outgoing-131 &lt;&lt; "HTTP/1.1 500 Internal Server Error[\r][\n]"
14:21:57.617 [Forwarding sendKeysToElement on session 9ff46c75-f860-4b6c-96bf-d1f3a31859fe to remote] DEBUG org.apache.http.wire - http-outgoing-131 &lt;&lt; "content-type: application/json; charset=UTF-8[\r][\n]"
14:21:57.617 [Forwarding sendKeysToElement on session 9ff46c75-f860-4b6c-96bf-d1f3a31859fe to remote] DEBUG org.apache.http.wire - http-outgoing-131 &lt;&lt; "connection: close[\r][\n]"
14:21:57.617 [Forwarding sendKeysToElement on session 9ff46c75-f860-4b6c-96bf-d1f3a31859fe to remote] DEBUG org.apache.http.wire - http-outgoing-131 &lt;&lt; "content-length: 1185[\r][\n]"
14:21:57.617 [Forwarding sendKeysToElement on session 9ff46c75-f860-4b6c-96bf-d1f3a31859fe to remote] DEBUG org.apache.http.wire - http-outgoing-131 &lt;&lt; "server: httpd.js[\r][\n]"
14:21:57.617 [Forwarding sendKeysToElement on session 9ff46c75-f860-4b6c-96bf-d1f3a31859fe to remote] DEBUG org.apache.http.wire - http-outgoing-131 &lt;&lt; "date: Thu, 04 Jun 2015 06:21:57 GMT[\r][\n]"
14:21:57.617 [Forwarding sendKeysToElement on session 9ff46c75-f860-4b6c-96bf-d1f3a31859fe to remote] DEBUG org.apache.http.wire - http-outgoing-131 &lt;&lt; "[\r][\n]"
14:21:57.617 [Forwarding sendKeysToElement on session 9ff46c75-f860-4b6c-96bf-d1f3a31859fe to remote] DEBUG org.apache.http.wire - http-outgoing-131 &lt;&lt; "{"name":"sendKeysToElement","sessionId":"9ff46c75-f860-4b6c-96bf-d1f3a31859fe","status":11,"value":{"message":"Element is not currently visible and so may not be interacted with","stackTrace":[{"methodName":"fxdriver.preconditions.visible","fileName":"file:///C:/Users/SoulTest/AppData/Local/Temp/anonymous4496018821105563880webdriver-profile/extensions/fxdriver@googlecode.com/components/command-processor.js","lineNumber":8959},{"methodName":"DelayedCommand.prototype.checkPreconditions_","fileName":"file:///C:/Users/SoulTest/AppData/Local/Temp/anonymous4496018821105563880webdriver-profile/extensions/fxdriver@googlecode.com/components/command-processor.js","lineNumber":11618},{"methodName":"DelayedCommand.prototype.executeInternal_/h","fileName":"file:///C:/Users/SoulTest/AppData/Local/Temp/anonymous4496018821105563880webdriver-profile/extensions/fxdriver@googlecode.com/components/command-processor.js","lineNumber":11635},{"methodName":"fxdriver.Timer.prototype.setTimeout/&lt;.notify","fileName":"file:///C:/Users/SoulTest/AppData/Local/Temp/anonymous4496018821105563880webdriver-profile/extensions/fxdriver@googlecode.com/components/command-processor.js","lineNumber":548}]}}"
14:21:57.617 [Forwarding sendKeysToElement on session 9ff46c75-f860-4b6c-96bf-d1f3a31859fe to remote] DEBUG org.apache.http.headers - http-outgoing-131 &lt;&lt; HTTP/1.1 500 Internal Server Error
14:21:57.617 [Forwarding sendKeysToElement on session 9ff46c75-f860-4b6c-96bf-d1f3a31859fe to remote] DEBUG org.apache.http.headers - http-outgoing-131 &lt;&lt; content-type: application/json; charset=UTF-8
14:21:57.617 [Forwarding sendKeysToElement on session 9ff46c75-f860-4b6c-96bf-d1f3a31859fe to remote] DEBUG org.apache.http.headers - http-outgoing-131 &lt;&lt; connection: close
14:21:57.617 [Forwarding sendKeysToElement on session 9ff46c75-f860-4b6c-96bf-d1f3a31859fe to remote] DEBUG org.apache.http.headers - http-outgoing-131 &lt;&lt; content-length: 1185
14:21:57.617 [Forwarding sendKeysToElement on session 9ff46c75-f860-4b6c-96bf-d1f3a31859fe to remote] DEBUG org.apache.http.headers - http-outgoing-131 &lt;&lt; server: httpd.js
14:21:57.617 [Forwarding sendKeysToElement on session 9ff46c75-f860-4b6c-96bf-d1f3a31859fe to remote] DEBUG org.apache.http.headers - http-outgoing-131 &lt;&lt; date: Thu, 04 Jun 2015 06:21:57 GMT
14:21:57.618 [Forwarding sendKeysToElement on session 9ff46c75-f860-4b6c-96bf-d1f3a31859fe to remote] DEBUG o.a.h.i.c.DefaultManagedHttpClientConnection - http-outgoing-131: Shutdown connection
14:21:57.619 [Forwarding sendKeysToElement on session 9ff46c75-f860-4b6c-96bf-d1f3a31859fe to remote] DEBUG o.a.h.impl.execchain.MainClientExec - Connection discarded
14:21:57.619 [Forwarding sendKeysToElement on session 9ff46c75-f860-4b6c-96bf-d1f3a31859fe to remote] DEBUG o.a.h.i.c.DefaultManagedHttpClientConnection - http-outgoing-131: Close connection
14:21:57.619 [Forwarding sendKeysToElement on session 9ff46c75-f860-4b6c-96bf-d1f3a31859fe to remote] DEBUG o.a.h.i.c.PoolingHttpClientConnectionManager - Connection released: [id: 131][route: {}-&gt;http://127.0.0.1:7055][total kept alive: 0; route allocated: 0 of 2000; total allocated: 0 of 2000]
</system-out>
  </testcase>
  <testcase name="testLogout" classname="com.soulinfo.cases.LoginCase" time="0.974"/>
  <testcase name="closeBrowser" classname="com.soulinfo.cases.BrowserCase" time="0.658"/>
</testsuite>